SF:/Users/daniel_nguyen/Workspace/n-bruno/packages/bruno-server/src/config/mod.rs
FN:69,_RNvMNtCsjij6uH57LC6_12bruno_server6configNtB2_6Config13is_production
FN:54,_RNvMNtCsjij6uH57LC6_12bruno_server6configNtB2_6Config8for_test
FN:18,_RNvMNtCsjij6uH57LC6_12bruno_server6configNtB2_6Config8from_env
FN:22,_RNCNvMNtCsjij6uH57LC6_12bruno_server6configNtB4_6Config8from_env0B6_
FN:25,_RNCNvMNtCsjij6uH57LC6_12bruno_server6configNtB4_6Config8from_envs0_0B6_
FN:29,_RNCNvMNtCsjij6uH57LC6_12bruno_server6configNtB4_6Config8from_envs1_0B6_
FN:31,_RNCNvMNtCsjij6uH57LC6_12bruno_server6configNtB4_6Config8from_envs2_0B6_
FN:35,_RNCNvMNtCsjij6uH57LC6_12bruno_server6configNtB4_6Config8from_envs3_0B6_
FN:39,_RNCNvMNtCsjij6uH57LC6_12bruno_server6configNtB4_6Config8from_envs4_0B6_
FN:43,_RNCNvMNtCsjij6uH57LC6_12bruno_server6configNtB4_6Config8from_envs5_0B6_
FN:45,_RNCNvMNtCsjij6uH57LC6_12bruno_server6configNtB4_6Config8from_envs6_0B6_
FN:48,_RNCNvMNtCsjij6uH57LC6_12bruno_server6configNtB4_6Config8from_envs7_0B6_
FN:23,_RNCNvMNtCsjij6uH57LC6_12bruno_server6configNtB4_6Config8from_envs_0B6_
FN:69,_RNvMNtCsfChM64pdxnc_12bruno_server6configNtB2_6Config13is_production
FN:54,_RNvMNtCsfChM64pdxnc_12bruno_server6configNtB2_6Config8for_test
FN:18,_RNvMNtCsfChM64pdxnc_12bruno_server6configNtB2_6Config8from_env
FN:22,_RNCNvMNtCsfChM64pdxnc_12bruno_server6configNtB4_6Config8from_env0B6_
FN:25,_RNCNvMNtCsfChM64pdxnc_12bruno_server6configNtB4_6Config8from_envs0_0B6_
FN:29,_RNCNvMNtCsfChM64pdxnc_12bruno_server6configNtB4_6Config8from_envs1_0B6_
FN:31,_RNCNvMNtCsfChM64pdxnc_12bruno_server6configNtB4_6Config8from_envs2_0B6_
FN:35,_RNCNvMNtCsfChM64pdxnc_12bruno_server6configNtB4_6Config8from_envs3_0B6_
FN:39,_RNCNvMNtCsfChM64pdxnc_12bruno_server6configNtB4_6Config8from_envs4_0B6_
FN:43,_RNCNvMNtCsfChM64pdxnc_12bruno_server6configNtB4_6Config8from_envs5_0B6_
FN:45,_RNCNvMNtCsfChM64pdxnc_12bruno_server6configNtB4_6Config8from_envs6_0B6_
FN:48,_RNCNvMNtCsfChM64pdxnc_12bruno_server6configNtB4_6Config8from_envs7_0B6_
FN:23,_RNCNvMNtCsfChM64pdxnc_12bruno_server6configNtB4_6Config8from_envs_0B6_
FN:54,_RNvMNtCs35y6JsrU3AJ_12bruno_server6configNtB2_6Config8for_test
FN:22,_RNCNvMNtCs35y6JsrU3AJ_12bruno_server6configNtB4_6Config8from_env0B6_
FN:25,_RNCNvMNtCs35y6JsrU3AJ_12bruno_server6configNtB4_6Config8from_envs0_0B6_
FN:29,_RNCNvMNtCs35y6JsrU3AJ_12bruno_server6configNtB4_6Config8from_envs1_0B6_
FN:31,_RNCNvMNtCs35y6JsrU3AJ_12bruno_server6configNtB4_6Config8from_envs2_0B6_
FN:35,_RNCNvMNtCs35y6JsrU3AJ_12bruno_server6configNtB4_6Config8from_envs3_0B6_
FN:39,_RNCNvMNtCs35y6JsrU3AJ_12bruno_server6configNtB4_6Config8from_envs4_0B6_
FN:43,_RNCNvMNtCs35y6JsrU3AJ_12bruno_server6configNtB4_6Config8from_envs5_0B6_
FN:45,_RNCNvMNtCs35y6JsrU3AJ_12bruno_server6configNtB4_6Config8from_envs6_0B6_
FN:48,_RNCNvMNtCs35y6JsrU3AJ_12bruno_server6configNtB4_6Config8from_envs7_0B6_
FN:23,_RNCNvMNtCs35y6JsrU3AJ_12bruno_server6configNtB4_6Config8from_envs_0B6_
FN:69,_RNvMNtCs35y6JsrU3AJ_12bruno_server6configNtB2_6Config13is_production
FN:18,_RNvMNtCs35y6JsrU3AJ_12bruno_server6configNtB2_6Config8from_env
FN:22,_RNCNvMNtCsiR8rzM5B0PM_12bruno_server6configNtB4_6Config8from_env0B6_
FN:25,_RNCNvMNtCsiR8rzM5B0PM_12bruno_server6configNtB4_6Config8from_envs0_0B6_
FN:29,_RNCNvMNtCsiR8rzM5B0PM_12bruno_server6configNtB4_6Config8from_envs1_0B6_
FN:31,_RNCNvMNtCsiR8rzM5B0PM_12bruno_server6configNtB4_6Config8from_envs2_0B6_
FN:35,_RNCNvMNtCsiR8rzM5B0PM_12bruno_server6configNtB4_6Config8from_envs3_0B6_
FN:39,_RNCNvMNtCsiR8rzM5B0PM_12bruno_server6configNtB4_6Config8from_envs4_0B6_
FN:43,_RNCNvMNtCsiR8rzM5B0PM_12bruno_server6configNtB4_6Config8from_envs5_0B6_
FN:45,_RNCNvMNtCsiR8rzM5B0PM_12bruno_server6configNtB4_6Config8from_envs6_0B6_
FN:48,_RNCNvMNtCsiR8rzM5B0PM_12bruno_server6configNtB4_6Config8from_envs7_0B6_
FN:23,_RNCNvMNtCsiR8rzM5B0PM_12bruno_server6configNtB4_6Config8from_envs_0B6_
FN:69,_RNvMNtCsiR8rzM5B0PM_12bruno_server6configNtB2_6Config13is_production
FN:18,_RNvMNtCsiR8rzM5B0PM_12bruno_server6configNtB2_6Config8from_env
FN:54,_RNvMNtCsiR8rzM5B0PM_12bruno_server6configNtB2_6Config8for_test
FNDA:0,_RNvMNtCsjij6uH57LC6_12bruno_server6configNtB2_6Config13is_production
FNDA:0,_RNvMNtCsjij6uH57LC6_12bruno_server6configNtB2_6Config8for_test
FNDA:0,_RNvMNtCsjij6uH57LC6_12bruno_server6configNtB2_6Config8from_env
FNDA:0,_RNCNvMNtCsjij6uH57LC6_12bruno_server6configNtB4_6Config8from_env0B6_
FNDA:0,_RNCNvMNtCsjij6uH57LC6_12bruno_server6configNtB4_6Config8from_envs0_0B6_
FNDA:0,_RNCNvMNtCsjij6uH57LC6_12bruno_server6configNtB4_6Config8from_envs1_0B6_
FNDA:0,_RNCNvMNtCsjij6uH57LC6_12bruno_server6configNtB4_6Config8from_envs2_0B6_
FNDA:0,_RNCNvMNtCsjij6uH57LC6_12bruno_server6configNtB4_6Config8from_envs3_0B6_
FNDA:0,_RNCNvMNtCsjij6uH57LC6_12bruno_server6configNtB4_6Config8from_envs4_0B6_
FNDA:0,_RNCNvMNtCsjij6uH57LC6_12bruno_server6configNtB4_6Config8from_envs5_0B6_
FNDA:0,_RNCNvMNtCsjij6uH57LC6_12bruno_server6configNtB4_6Config8from_envs6_0B6_
FNDA:0,_RNCNvMNtCsjij6uH57LC6_12bruno_server6configNtB4_6Config8from_envs7_0B6_
FNDA:0,_RNCNvMNtCsjij6uH57LC6_12bruno_server6configNtB4_6Config8from_envs_0B6_
FNDA:0,_RNvMNtCsfChM64pdxnc_12bruno_server6configNtB2_6Config13is_production
FNDA:153,_RNvMNtCsfChM64pdxnc_12bruno_server6configNtB2_6Config8for_test
FNDA:0,_RNvMNtCsfChM64pdxnc_12bruno_server6configNtB2_6Config8from_env
FNDA:0,_RNCNvMNtCsfChM64pdxnc_12bruno_server6configNtB4_6Config8from_env0B6_
FNDA:0,_RNCNvMNtCsfChM64pdxnc_12bruno_server6configNtB4_6Config8from_envs0_0B6_
FNDA:0,_RNCNvMNtCsfChM64pdxnc_12bruno_server6configNtB4_6Config8from_envs1_0B6_
FNDA:0,_RNCNvMNtCsfChM64pdxnc_12bruno_server6configNtB4_6Config8from_envs2_0B6_
FNDA:0,_RNCNvMNtCsfChM64pdxnc_12bruno_server6configNtB4_6Config8from_envs3_0B6_
FNDA:0,_RNCNvMNtCsfChM64pdxnc_12bruno_server6configNtB4_6Config8from_envs4_0B6_
FNDA:0,_RNCNvMNtCsfChM64pdxnc_12bruno_server6configNtB4_6Config8from_envs5_0B6_
FNDA:0,_RNCNvMNtCsfChM64pdxnc_12bruno_server6configNtB4_6Config8from_envs6_0B6_
FNDA:0,_RNCNvMNtCsfChM64pdxnc_12bruno_server6configNtB4_6Config8from_envs7_0B6_
FNDA:0,_RNCNvMNtCsfChM64pdxnc_12bruno_server6configNtB4_6Config8from_envs_0B6_
FNDA:6,_RNvMNtCs35y6JsrU3AJ_12bruno_server6configNtB2_6Config8for_test
FNDA:0,_RNCNvMNtCs35y6JsrU3AJ_12bruno_server6configNtB4_6Config8from_env0B6_
FNDA:0,_RNCNvMNtCs35y6JsrU3AJ_12bruno_server6configNtB4_6Config8from_envs0_0B6_
FNDA:0,_RNCNvMNtCs35y6JsrU3AJ_12bruno_server6configNtB4_6Config8from_envs1_0B6_
FNDA:0,_RNCNvMNtCs35y6JsrU3AJ_12bruno_server6configNtB4_6Config8from_envs2_0B6_
FNDA:0,_RNCNvMNtCs35y6JsrU3AJ_12bruno_server6configNtB4_6Config8from_envs3_0B6_
FNDA:0,_RNCNvMNtCs35y6JsrU3AJ_12bruno_server6configNtB4_6Config8from_envs4_0B6_
FNDA:0,_RNCNvMNtCs35y6JsrU3AJ_12bruno_server6configNtB4_6Config8from_envs5_0B6_
FNDA:0,_RNCNvMNtCs35y6JsrU3AJ_12bruno_server6configNtB4_6Config8from_envs6_0B6_
FNDA:0,_RNCNvMNtCs35y6JsrU3AJ_12bruno_server6configNtB4_6Config8from_envs7_0B6_
FNDA:0,_RNCNvMNtCs35y6JsrU3AJ_12bruno_server6configNtB4_6Config8from_envs_0B6_
FNDA:0,_RNvMNtCs35y6JsrU3AJ_12bruno_server6configNtB2_6Config13is_production
FNDA:0,_RNvMNtCs35y6JsrU3AJ_12bruno_server6configNtB2_6Config8from_env
FNDA:0,_RNCNvMNtCsiR8rzM5B0PM_12bruno_server6configNtB4_6Config8from_env0B6_
FNDA:0,_RNCNvMNtCsiR8rzM5B0PM_12bruno_server6configNtB4_6Config8from_envs0_0B6_
FNDA:0,_RNCNvMNtCsiR8rzM5B0PM_12bruno_server6configNtB4_6Config8from_envs1_0B6_
FNDA:0,_RNCNvMNtCsiR8rzM5B0PM_12bruno_server6configNtB4_6Config8from_envs2_0B6_
FNDA:0,_RNCNvMNtCsiR8rzM5B0PM_12bruno_server6configNtB4_6Config8from_envs3_0B6_
FNDA:0,_RNCNvMNtCsiR8rzM5B0PM_12bruno_server6configNtB4_6Config8from_envs4_0B6_
FNDA:0,_RNCNvMNtCsiR8rzM5B0PM_12bruno_server6configNtB4_6Config8from_envs5_0B6_
FNDA:0,_RNCNvMNtCsiR8rzM5B0PM_12bruno_server6configNtB4_6Config8from_envs6_0B6_
FNDA:0,_RNCNvMNtCsiR8rzM5B0PM_12bruno_server6configNtB4_6Config8from_envs7_0B6_
FNDA:0,_RNCNvMNtCsiR8rzM5B0PM_12bruno_server6configNtB4_6Config8from_envs_0B6_
FNDA:0,_RNvMNtCsiR8rzM5B0PM_12bruno_server6configNtB2_6Config13is_production
FNDA:0,_RNvMNtCsiR8rzM5B0PM_12bruno_server6configNtB2_6Config8from_env
FNDA:6,_RNvMNtCsiR8rzM5B0PM_12bruno_server6configNtB2_6Config8for_test
FNF:13
FNH:1
DA:18,0
DA:19,0
DA:22,0
DA:23,0
DA:24,0
DA:25,0
DA:26,0
DA:27,0
DA:28,0
DA:29,0
DA:30,0
DA:31,0
DA:32,0
DA:33,0
DA:34,0
DA:35,0
DA:36,0
DA:37,0
DA:38,0
DA:39,0
DA:40,0
DA:41,0
DA:42,0
DA:43,0
DA:44,0
DA:45,0
DA:46,0
DA:47,0
DA:48,0
DA:50,0
DA:54,165
DA:55,165
DA:56,165
DA:57,165
DA:58,165
DA:59,165
DA:60,165
DA:61,165
DA:62,165
DA:63,165
DA:64,165
DA:65,165
DA:66,165
DA:67,165
DA:69,0
DA:70,0
DA:71,0
BRF:0
BRH:0
LF:57
LH:14
end_of_record
SF:/Users/daniel_nguyen/Workspace/n-bruno/packages/bruno-server/src/db/mod.rs
FN:91,_RNCNvNtCsjij6uH57LC6_12bruno_server2db12create_index0B5_
FN:26,_RNCNvNtCsjij6uH57LC6_12bruno_server2db14create_indexes0B5_
FN:80,_RNCNvNtCsjij6uH57LC6_12bruno_server2db19create_unique_index0B5_
FN:8,_RNCNvNtCsjij6uH57LC6_12bruno_server2db7connect0B5_
FN:91,_RNvNtCsjij6uH57LC6_12bruno_server2db12create_index
FN:26,_RNvNtCsjij6uH57LC6_12bruno_server2db14create_indexes
FN:80,_RNvNtCsjij6uH57LC6_12bruno_server2db19create_unique_index
FN:8,_RNvNtCsjij6uH57LC6_12bruno_server2db7connect
FN:91,_RNCNvNtCsfChM64pdxnc_12bruno_server2db12create_index0B5_
FN:26,_RNCNvNtCsfChM64pdxnc_12bruno_server2db14create_indexes0B5_
FN:80,_RNCNvNtCsfChM64pdxnc_12bruno_server2db19create_unique_index0B5_
FN:8,_RNCNvNtCsfChM64pdxnc_12bruno_server2db7connect0B5_
FN:91,_RNvNtCsfChM64pdxnc_12bruno_server2db12create_index
FN:26,_RNvNtCsfChM64pdxnc_12bruno_server2db14create_indexes
FN:80,_RNvNtCsfChM64pdxnc_12bruno_server2db19create_unique_index
FN:8,_RNvNtCsfChM64pdxnc_12bruno_server2db7connect
FN:8,_RNvNtCs35y6JsrU3AJ_12bruno_server2db7connect
FN:91,_RNCNvNtCs35y6JsrU3AJ_12bruno_server2db12create_index0B5_
FN:26,_RNCNvNtCs35y6JsrU3AJ_12bruno_server2db14create_indexes0B5_
FN:80,_RNCNvNtCs35y6JsrU3AJ_12bruno_server2db19create_unique_index0B5_
FN:8,_RNCNvNtCs35y6JsrU3AJ_12bruno_server2db7connect0B5_
FN:91,_RNvNtCs35y6JsrU3AJ_12bruno_server2db12create_index
FN:26,_RNvNtCs35y6JsrU3AJ_12bruno_server2db14create_indexes
FN:80,_RNvNtCs35y6JsrU3AJ_12bruno_server2db19create_unique_index
FN:26,_RNvNtCsiR8rzM5B0PM_12bruno_server2db14create_indexes
FN:8,_RNvNtCsiR8rzM5B0PM_12bruno_server2db7connect
FN:91,_RNCNvNtCsiR8rzM5B0PM_12bruno_server2db12create_index0B5_
FN:26,_RNCNvNtCsiR8rzM5B0PM_12bruno_server2db14create_indexes0B5_
FN:80,_RNCNvNtCsiR8rzM5B0PM_12bruno_server2db19create_unique_index0B5_
FN:8,_RNCNvNtCsiR8rzM5B0PM_12bruno_server2db7connect0B5_
FN:91,_RNvNtCsiR8rzM5B0PM_12bruno_server2db12create_index
FN:80,_RNvNtCsiR8rzM5B0PM_12bruno_server2db19create_unique_index
FNDA:0,_RNCNvNtCsjij6uH57LC6_12bruno_server2db12create_index0B5_
FNDA:0,_RNCNvNtCsjij6uH57LC6_12bruno_server2db14create_indexes0B5_
FNDA:0,_RNCNvNtCsjij6uH57LC6_12bruno_server2db19create_unique_index0B5_
FNDA:0,_RNCNvNtCsjij6uH57LC6_12bruno_server2db7connect0B5_
FNDA:0,_RNvNtCsjij6uH57LC6_12bruno_server2db12create_index
FNDA:0,_RNvNtCsjij6uH57LC6_12bruno_server2db14create_indexes
FNDA:0,_RNvNtCsjij6uH57LC6_12bruno_server2db19create_unique_index
FNDA:0,_RNvNtCsjij6uH57LC6_12bruno_server2db7connect
FNDA:2142,_RNCNvNtCsfChM64pdxnc_12bruno_server2db12create_index0B5_
FNDA:153,_RNCNvNtCsfChM64pdxnc_12bruno_server2db14create_indexes0B5_
FNDA:918,_RNCNvNtCsfChM64pdxnc_12bruno_server2db19create_unique_index0B5_
FNDA:0,_RNCNvNtCsfChM64pdxnc_12bruno_server2db7connect0B5_
FNDA:2142,_RNvNtCsfChM64pdxnc_12bruno_server2db12create_index
FNDA:153,_RNvNtCsfChM64pdxnc_12bruno_server2db14create_indexes
FNDA:918,_RNvNtCsfChM64pdxnc_12bruno_server2db19create_unique_index
FNDA:0,_RNvNtCsfChM64pdxnc_12bruno_server2db7connect
FNDA:0,_RNvNtCs35y6JsrU3AJ_12bruno_server2db7connect
FNDA:0,_RNCNvNtCs35y6JsrU3AJ_12bruno_server2db12create_index0B5_
FNDA:0,_RNCNvNtCs35y6JsrU3AJ_12bruno_server2db14create_indexes0B5_
FNDA:0,_RNCNvNtCs35y6JsrU3AJ_12bruno_server2db19create_unique_index0B5_
FNDA:0,_RNCNvNtCs35y6JsrU3AJ_12bruno_server2db7connect0B5_
FNDA:0,_RNvNtCs35y6JsrU3AJ_12bruno_server2db12create_index
FNDA:0,_RNvNtCs35y6JsrU3AJ_12bruno_server2db14create_indexes
FNDA:0,_RNvNtCs35y6JsrU3AJ_12bruno_server2db19create_unique_index
FNDA:0,_RNvNtCsiR8rzM5B0PM_12bruno_server2db14create_indexes
FNDA:0,_RNvNtCsiR8rzM5B0PM_12bruno_server2db7connect
FNDA:0,_RNCNvNtCsiR8rzM5B0PM_12bruno_server2db12create_index0B5_
FNDA:0,_RNCNvNtCsiR8rzM5B0PM_12bruno_server2db14create_indexes0B5_
FNDA:0,_RNCNvNtCsiR8rzM5B0PM_12bruno_server2db19create_unique_index0B5_
FNDA:0,_RNCNvNtCsiR8rzM5B0PM_12bruno_server2db7connect0B5_
FNDA:0,_RNvNtCsiR8rzM5B0PM_12bruno_server2db12create_index
FNDA:0,_RNvNtCsiR8rzM5B0PM_12bruno_server2db19create_unique_index
FNF:8
FNH:6
DA:8,0
DA:9,0
DA:11,0
DA:12,0
DA:13,0
DA:14,0
DA:16,0
DA:17,0
DA:20,0
DA:21,0
DA:23,0
DA:24,0
DA:26,153
DA:27,153
DA:30,153
DA:33,153
DA:34,153
DA:35,153
DA:36,153
DA:37,153
DA:38,153
DA:39,153
DA:40,153
DA:41,153
DA:42,153
DA:43,153
DA:46,153
DA:49,153
DA:50,153
DA:53,153
DA:54,153
DA:57,153
DA:58,153
DA:59,153
DA:62,153
DA:63,153
DA:64,153
DA:67,153
DA:68,153
DA:71,153
DA:72,153
DA:73,153
DA:74,153
DA:76,153
DA:77,153
DA:78,153
DA:80,918
DA:81,918
DA:82,918
DA:83,918
DA:84,918
DA:85,918
DA:86,918
DA:87,918
DA:88,918
DA:89,918
DA:91,2142
DA:92,2142
DA:93,2142
DA:94,2142
DA:95,2142
DA:96,2142
DA:97,2142
DA:98,2142
BRF:0
BRH:0
LF:68
LH:55
end_of_record
SF:/Users/daniel_nguyen/Workspace/n-bruno/packages/bruno-server/src/errors/mod.rs
FN:44,_RNvXs_NtCsjij6uH57LC6_12bruno_server6errorsNtB4_8AppErrorINtNtCsezyhsC6CBT9_4core7convert4FromNtNtCsaKc80738zAz_12jsonwebtoken6errors5ErrorE4from
FN:37,_RNvXNtCsjij6uH57LC6_12bruno_server6errorsNtB2_8AppErrorINtNtCsezyhsC6CBT9_4core7convert4FromNtNtCs6LnpKonu0P2_7mongodb5error5ErrorE4from
FN:50,_RNvXs0_NtCsjij6uH57LC6_12bruno_server6errorsNtB5_8AppErrorNtNtNtCs7yGt9vRIRIL_9axum_core8response13into_response12IntoResponse13into_response
FN:37,_RNvXNtCsfChM64pdxnc_12bruno_server6errorsNtB2_8AppErrorINtNtCsezyhsC6CBT9_4core7convert4FromNtNtCs6LnpKonu0P2_7mongodb5error5ErrorE4from
FN:50,_RNvXs0_NtCsfChM64pdxnc_12bruno_server6errorsNtB5_8AppErrorNtNtNtCs7yGt9vRIRIL_9axum_core8response13into_response12IntoResponse13into_response
FN:44,_RNvXs_NtCsfChM64pdxnc_12bruno_server6errorsNtB4_8AppErrorINtNtCsezyhsC6CBT9_4core7convert4FromNtNtCsaKc80738zAz_12jsonwebtoken6errors5ErrorE4from
FN:87,_RNCNvNtNtCs35y6JsrU3AJ_12bruno_server6errors5tests7body_of0B7_
FN:85,_RNvNtNtCs35y6JsrU3AJ_12bruno_server6errors5tests7body_of
FN:81,_RNvNtNtCs35y6JsrU3AJ_12bruno_server6errors5tests9status_of
FN:115,_RNvNtNtCs35y6JsrU3AJ_12bruno_server6errors5testss_20conflict_maps_to_409
FN:130,_RNvNtNtCs35y6JsrU3AJ_12bruno_server6errors5testss_20database_maps_to_500
FN:120,_RNvNtNtCs35y6JsrU3AJ_12bruno_server6errors5testss_20internal_maps_to_500
FN:100,_RNvNtNtCs35y6JsrU3AJ_12bruno_server6errors5testss_21forbidden_maps_to_403
FN:105,_RNvNtNtCs35y6JsrU3AJ_12bruno_server6errors5testss_21not_found_maps_to_404
FN:125,_RNvNtNtCs35y6JsrU3AJ_12bruno_server6errors5testss_22validation_maps_to_422
FN:110,_RNvNtNtCs35y6JsrU3AJ_12bruno_server6errors5testss_23bad_request_maps_to_400
FN:95,_RNvNtNtCs35y6JsrU3AJ_12bruno_server6errors5testss_24unauthorized_maps_to_401
FN:143,_RNvNtNtCs35y6JsrU3AJ_12bruno_server6errors5testss_30from_jwt_error_is_unauthorized
FN:135,_RNvNtNtCs35y6JsrU3AJ_12bruno_server6errors5testss_30response_body_has_error_object
FN:37,_RNvXNtCs35y6JsrU3AJ_12bruno_server6errorsNtB2_8AppErrorINtNtCsezyhsC6CBT9_4core7convert4FromNtNtCs6LnpKonu0P2_7mongodb5error5ErrorE4from
FN:50,_RNvXs0_NtCs35y6JsrU3AJ_12bruno_server6errorsNtB5_8AppErrorNtNtNtCs7yGt9vRIRIL_9axum_core8response13into_response12IntoResponse13into_response
FN:44,_RNvXs_NtCs35y6JsrU3AJ_12bruno_server6errorsNtB4_8AppErrorINtNtCsezyhsC6CBT9_4core7convert4FromNtNtCsaKc80738zAz_12jsonwebtoken6errors5ErrorE4from
FN:37,_RNvXNtCsiR8rzM5B0PM_12bruno_server6errorsNtB2_8AppErrorINtNtCsezyhsC6CBT9_4core7convert4FromNtNtCs6LnpKonu0P2_7mongodb5error5ErrorE4from
FN:50,_RNvXs0_NtCsiR8rzM5B0PM_12bruno_server6errorsNtB5_8AppErrorNtNtNtCs7yGt9vRIRIL_9axum_core8response13into_response12IntoResponse13into_response
FN:44,_RNvXs_NtCsiR8rzM5B0PM_12bruno_server6errorsNtB4_8AppErrorINtNtCsezyhsC6CBT9_4core7convert4FromNtNtCsaKc80738zAz_12jsonwebtoken6errors5ErrorE4from
FN:87,_RNCNvNtNtCsiR8rzM5B0PM_12bruno_server6errors5tests7body_of0B7_
FN:85,_RNvNtNtCsiR8rzM5B0PM_12bruno_server6errors5tests7body_of
FN:81,_RNvNtNtCsiR8rzM5B0PM_12bruno_server6errors5tests9status_of
FN:115,_RNvNtNtCsiR8rzM5B0PM_12bruno_server6errors5testss_20conflict_maps_to_409
FN:130,_RNvNtNtCsiR8rzM5B0PM_12bruno_server6errors5testss_20database_maps_to_500
FN:120,_RNvNtNtCsiR8rzM5B0PM_12bruno_server6errors5testss_20internal_maps_to_500
FN:100,_RNvNtNtCsiR8rzM5B0PM_12bruno_server6errors5testss_21forbidden_maps_to_403
FN:105,_RNvNtNtCsiR8rzM5B0PM_12bruno_server6errors5testss_21not_found_maps_to_404
FN:125,_RNvNtNtCsiR8rzM5B0PM_12bruno_server6errors5testss_22validation_maps_to_422
FN:110,_RNvNtNtCsiR8rzM5B0PM_12bruno_server6errors5testss_23bad_request_maps_to_400
FN:95,_RNvNtNtCsiR8rzM5B0PM_12bruno_server6errors5testss_24unauthorized_maps_to_401
FN:143,_RNvNtNtCsiR8rzM5B0PM_12bruno_server6errors5testss_30from_jwt_error_is_unauthorized
FN:135,_RNvNtNtCsiR8rzM5B0PM_12bruno_server6errors5testss_30response_body_has_error_object
FNDA:0,_RNvXs_NtCsjij6uH57LC6_12bruno_server6errorsNtB4_8AppErrorINtNtCsezyhsC6CBT9_4core7convert4FromNtNtCsaKc80738zAz_12jsonwebtoken6errors5ErrorE4from
FNDA:0,_RNvXNtCsjij6uH57LC6_12bruno_server6errorsNtB2_8AppErrorINtNtCsezyhsC6CBT9_4core7convert4FromNtNtCs6LnpKonu0P2_7mongodb5error5ErrorE4from
FNDA:0,_RNvXs0_NtCsjij6uH57LC6_12bruno_server6errorsNtB5_8AppErrorNtNtNtCs7yGt9vRIRIL_9axum_core8response13into_response12IntoResponse13into_response
FNDA:0,_RNvXNtCsfChM64pdxnc_12bruno_server6errorsNtB2_8AppErrorINtNtCsezyhsC6CBT9_4core7convert4FromNtNtCs6LnpKonu0P2_7mongodb5error5ErrorE4from
FNDA:63,_RNvXs0_NtCsfChM64pdxnc_12bruno_server6errorsNtB5_8AppErrorNtNtNtCs7yGt9vRIRIL_9axum_core8response13into_response12IntoResponse13into_response
FNDA:0,_RNvXs_NtCsfChM64pdxnc_12bruno_server6errorsNtB4_8AppErrorINtNtCsezyhsC6CBT9_4core7convert4FromNtNtCsaKc80738zAz_12jsonwebtoken6errors5ErrorE4from
FNDA:1,_RNCNvNtNtCs35y6JsrU3AJ_12bruno_server6errors5tests7body_of0B7_
FNDA:1,_RNvNtNtCs35y6JsrU3AJ_12bruno_server6errors5tests7body_of
FNDA:8,_RNvNtNtCs35y6JsrU3AJ_12bruno_server6errors5tests9status_of
FNDA:1,_RNvNtNtCs35y6JsrU3AJ_12bruno_server6errors5testss_20conflict_maps_to_409
FNDA:1,_RNvNtNtCs35y6JsrU3AJ_12bruno_server6errors5testss_20database_maps_to_500
FNDA:1,_RNvNtNtCs35y6JsrU3AJ_12bruno_server6errors5testss_20internal_maps_to_500
FNDA:1,_RNvNtNtCs35y6JsrU3AJ_12bruno_server6errors5testss_21forbidden_maps_to_403
FNDA:1,_RNvNtNtCs35y6JsrU3AJ_12bruno_server6errors5testss_21not_found_maps_to_404
FNDA:1,_RNvNtNtCs35y6JsrU3AJ_12bruno_server6errors5testss_22validation_maps_to_422
FNDA:1,_RNvNtNtCs35y6JsrU3AJ_12bruno_server6errors5testss_23bad_request_maps_to_400
FNDA:1,_RNvNtNtCs35y6JsrU3AJ_12bruno_server6errors5testss_24unauthorized_maps_to_401
FNDA:1,_RNvNtNtCs35y6JsrU3AJ_12bruno_server6errors5testss_30from_jwt_error_is_unauthorized
FNDA:1,_RNvNtNtCs35y6JsrU3AJ_12bruno_server6errors5testss_30response_body_has_error_object
FNDA:0,_RNvXNtCs35y6JsrU3AJ_12bruno_server6errorsNtB2_8AppErrorINtNtCsezyhsC6CBT9_4core7convert4FromNtNtCs6LnpKonu0P2_7mongodb5error5ErrorE4from
FNDA:9,_RNvXs0_NtCs35y6JsrU3AJ_12bruno_server6errorsNtB5_8AppErrorNtNtNtCs7yGt9vRIRIL_9axum_core8response13into_response12IntoResponse13into_response
FNDA:1,_RNvXs_NtCs35y6JsrU3AJ_12bruno_server6errorsNtB4_8AppErrorINtNtCsezyhsC6CBT9_4core7convert4FromNtNtCsaKc80738zAz_12jsonwebtoken6errors5ErrorE4from
FNDA:0,_RNvXNtCsiR8rzM5B0PM_12bruno_server6errorsNtB2_8AppErrorINtNtCsezyhsC6CBT9_4core7convert4FromNtNtCs6LnpKonu0P2_7mongodb5error5ErrorE4from
FNDA:9,_RNvXs0_NtCsiR8rzM5B0PM_12bruno_server6errorsNtB5_8AppErrorNtNtNtCs7yGt9vRIRIL_9axum_core8response13into_response12IntoResponse13into_response
FNDA:1,_RNvXs_NtCsiR8rzM5B0PM_12bruno_server6errorsNtB4_8AppErrorINtNtCsezyhsC6CBT9_4core7convert4FromNtNtCsaKc80738zAz_12jsonwebtoken6errors5ErrorE4from
FNDA:1,_RNCNvNtNtCsiR8rzM5B0PM_12bruno_server6errors5tests7body_of0B7_
FNDA:1,_RNvNtNtCsiR8rzM5B0PM_12bruno_server6errors5tests7body_of
FNDA:8,_RNvNtNtCsiR8rzM5B0PM_12bruno_server6errors5tests9status_of
FNDA:1,_RNvNtNtCsiR8rzM5B0PM_12bruno_server6errors5testss_20conflict_maps_to_409
FNDA:1,_RNvNtNtCsiR8rzM5B0PM_12bruno_server6errors5testss_20database_maps_to_500
FNDA:1,_RNvNtNtCsiR8rzM5B0PM_12bruno_server6errors5testss_20internal_maps_to_500
FNDA:1,_RNvNtNtCsiR8rzM5B0PM_12bruno_server6errors5testss_21forbidden_maps_to_403
FNDA:1,_RNvNtNtCsiR8rzM5B0PM_12bruno_server6errors5testss_21not_found_maps_to_404
FNDA:1,_RNvNtNtCsiR8rzM5B0PM_12bruno_server6errors5testss_22validation_maps_to_422
FNDA:1,_RNvNtNtCsiR8rzM5B0PM_12bruno_server6errors5testss_23bad_request_maps_to_400
FNDA:1,_RNvNtNtCsiR8rzM5B0PM_12bruno_server6errors5testss_24unauthorized_maps_to_401
FNDA:1,_RNvNtNtCsiR8rzM5B0PM_12bruno_server6errors5testss_30from_jwt_error_is_unauthorized
FNDA:1,_RNvNtNtCsiR8rzM5B0PM_12bruno_server6errors5testss_30response_body_has_error_object
FNF:16
FNH:15
DA:37,0
DA:38,0
DA:39,0
DA:40,0
DA:44,2
DA:45,2
DA:46,2
DA:50,81
DA:51,81
DA:52,17
DA:53,8
DA:54,31
DA:55,4
DA:56,8
DA:57,9
DA:58,2
DA:59,2
DA:62,81
DA:63,81
DA:64,81
DA:65,81
DA:66,81
DA:67,81
DA:69,81
DA:70,81
DA:81,16
DA:82,16
DA:83,16
DA:85,2
DA:86,2
DA:87,2
DA:89,2
DA:90,2
DA:91,2
DA:92,2
DA:95,2
DA:96,2
DA:97,2
DA:100,2
DA:101,2
DA:102,2
DA:105,2
DA:106,2
DA:107,2
DA:110,2
DA:111,2
DA:112,2
DA:115,2
DA:116,2
DA:117,2
DA:120,2
DA:121,2
DA:122,2
DA:125,2
DA:126,2
DA:127,2
DA:130,2
DA:131,2
DA:132,2
DA:135,2
DA:136,2
DA:137,2
DA:139,2
DA:140,2
DA:143,2
DA:146,2
DA:147,2
DA:148,2
DA:149,2
DA:151,2
DA:152,2
DA:153,2
DA:154,2
BRF:0
BRH:0
LF:74
LH:70
end_of_record
SF:/Users/daniel_nguyen/Workspace/n-bruno/packages/bruno-server/src/handlers/auth.rs
FN:115,_RNvNtNtCsjij6uH57LC6_12bruno_server8handlers4auth2me
FN:65,_RNvNtNtCsjij6uH57LC6_12bruno_server8handlers4auth5login
FN:105,_RNvNtNtCsjij6uH57LC6_12bruno_server8handlers4auth6logout
FN:89,_RNvNtNtCsjij6uH57LC6_12bruno_server8handlers4auth7refresh
FN:49,_RNvNtNtCsjij6uH57LC6_12bruno_server8handlers4auth8register
FN:118,_RNCNvNtNtCsjij6uH57LC6_12bruno_server8handlers4auth2me0B7_
FN:68,_RNCNvNtNtCsjij6uH57LC6_12bruno_server8handlers4auth5login0B7_
FN:109,_RNCNvNtNtCsjij6uH57LC6_12bruno_server8handlers4auth6logout0B7_
FN:92,_RNCNvNtNtCsjij6uH57LC6_12bruno_server8handlers4auth7refresh0B7_
FN:52,_RNCNvNtNtCsjij6uH57LC6_12bruno_server8handlers4auth8register0B7_
FN:118,_RNCNvNtNtCsfChM64pdxnc_12bruno_server8handlers4auth2me0B7_
FN:68,_RNCNvNtNtCsfChM64pdxnc_12bruno_server8handlers4auth5login0B7_
FN:109,_RNCNvNtNtCsfChM64pdxnc_12bruno_server8handlers4auth6logout0B7_
FN:92,_RNCNvNtNtCsfChM64pdxnc_12bruno_server8handlers4auth7refresh0B7_
FN:52,_RNCNvNtNtCsfChM64pdxnc_12bruno_server8handlers4auth8register0B7_
FN:115,_RNvNtNtCsfChM64pdxnc_12bruno_server8handlers4auth2me
FN:65,_RNvNtNtCsfChM64pdxnc_12bruno_server8handlers4auth5login
FN:105,_RNvNtNtCsfChM64pdxnc_12bruno_server8handlers4auth6logout
FN:89,_RNvNtNtCsfChM64pdxnc_12bruno_server8handlers4auth7refresh
FN:49,_RNvNtNtCsfChM64pdxnc_12bruno_server8handlers4auth8register
FN:115,_RNvNtNtCs35y6JsrU3AJ_12bruno_server8handlers4auth2me
FN:65,_RNvNtNtCs35y6JsrU3AJ_12bruno_server8handlers4auth5login
FN:105,_RNvNtNtCs35y6JsrU3AJ_12bruno_server8handlers4auth6logout
FN:89,_RNvNtNtCs35y6JsrU3AJ_12bruno_server8handlers4auth7refresh
FN:49,_RNvNtNtCs35y6JsrU3AJ_12bruno_server8handlers4auth8register
FN:118,_RNCNvNtNtCs35y6JsrU3AJ_12bruno_server8handlers4auth2me0B7_
FN:68,_RNCNvNtNtCs35y6JsrU3AJ_12bruno_server8handlers4auth5login0B7_
FN:109,_RNCNvNtNtCs35y6JsrU3AJ_12bruno_server8handlers4auth6logout0B7_
FN:92,_RNCNvNtNtCs35y6JsrU3AJ_12bruno_server8handlers4auth7refresh0B7_
FN:52,_RNCNvNtNtCs35y6JsrU3AJ_12bruno_server8handlers4auth8register0B7_
FN:115,_RNvNtNtCsiR8rzM5B0PM_12bruno_server8handlers4auth2me
FN:65,_RNvNtNtCsiR8rzM5B0PM_12bruno_server8handlers4auth5login
FN:105,_RNvNtNtCsiR8rzM5B0PM_12bruno_server8handlers4auth6logout
FN:89,_RNvNtNtCsiR8rzM5B0PM_12bruno_server8handlers4auth7refresh
FN:49,_RNvNtNtCsiR8rzM5B0PM_12bruno_server8handlers4auth8register
FN:118,_RNCNvNtNtCsiR8rzM5B0PM_12bruno_server8handlers4auth2me0B7_
FN:68,_RNCNvNtNtCsiR8rzM5B0PM_12bruno_server8handlers4auth5login0B7_
FN:109,_RNCNvNtNtCsiR8rzM5B0PM_12bruno_server8handlers4auth6logout0B7_
FN:92,_RNCNvNtNtCsiR8rzM5B0PM_12bruno_server8handlers4auth7refresh0B7_
FN:52,_RNCNvNtNtCsiR8rzM5B0PM_12bruno_server8handlers4auth8register0B7_
FNDA:0,_RNvNtNtCsjij6uH57LC6_12bruno_server8handlers4auth2me
FNDA:0,_RNvNtNtCsjij6uH57LC6_12bruno_server8handlers4auth5login
FNDA:0,_RNvNtNtCsjij6uH57LC6_12bruno_server8handlers4auth6logout
FNDA:0,_RNvNtNtCsjij6uH57LC6_12bruno_server8handlers4auth7refresh
FNDA:0,_RNvNtNtCsjij6uH57LC6_12bruno_server8handlers4auth8register
FNDA:0,_RNCNvNtNtCsjij6uH57LC6_12bruno_server8handlers4auth2me0B7_
FNDA:0,_RNCNvNtNtCsjij6uH57LC6_12bruno_server8handlers4auth5login0B7_
FNDA:0,_RNCNvNtNtCsjij6uH57LC6_12bruno_server8handlers4auth6logout0B7_
FNDA:0,_RNCNvNtNtCsjij6uH57LC6_12bruno_server8handlers4auth7refresh0B7_
FNDA:0,_RNCNvNtNtCsjij6uH57LC6_12bruno_server8handlers4auth8register0B7_
FNDA:2,_RNCNvNtNtCsfChM64pdxnc_12bruno_server8handlers4auth2me0B7_
FNDA:147,_RNCNvNtNtCsfChM64pdxnc_12bruno_server8handlers4auth5login0B7_
FNDA:2,_RNCNvNtNtCsfChM64pdxnc_12bruno_server8handlers4auth6logout0B7_
FNDA:7,_RNCNvNtNtCsfChM64pdxnc_12bruno_server8handlers4auth7refresh0B7_
FNDA:157,_RNCNvNtNtCsfChM64pdxnc_12bruno_server8handlers4auth8register0B7_
FNDA:2,_RNvNtNtCsfChM64pdxnc_12bruno_server8handlers4auth2me
FNDA:147,_RNvNtNtCsfChM64pdxnc_12bruno_server8handlers4auth5login
FNDA:2,_RNvNtNtCsfChM64pdxnc_12bruno_server8handlers4auth6logout
FNDA:7,_RNvNtNtCsfChM64pdxnc_12bruno_server8handlers4auth7refresh
FNDA:157,_RNvNtNtCsfChM64pdxnc_12bruno_server8handlers4auth8register
FNDA:0,_RNvNtNtCs35y6JsrU3AJ_12bruno_server8handlers4auth2me
FNDA:0,_RNvNtNtCs35y6JsrU3AJ_12bruno_server8handlers4auth5login
FNDA:0,_RNvNtNtCs35y6JsrU3AJ_12bruno_server8handlers4auth6logout
FNDA:0,_RNvNtNtCs35y6JsrU3AJ_12bruno_server8handlers4auth7refresh
FNDA:0,_RNvNtNtCs35y6JsrU3AJ_12bruno_server8handlers4auth8register
FNDA:0,_RNCNvNtNtCs35y6JsrU3AJ_12bruno_server8handlers4auth2me0B7_
FNDA:0,_RNCNvNtNtCs35y6JsrU3AJ_12bruno_server8handlers4auth5login0B7_
FNDA:0,_RNCNvNtNtCs35y6JsrU3AJ_12bruno_server8handlers4auth6logout0B7_
FNDA:0,_RNCNvNtNtCs35y6JsrU3AJ_12bruno_server8handlers4auth7refresh0B7_
FNDA:0,_RNCNvNtNtCs35y6JsrU3AJ_12bruno_server8handlers4auth8register0B7_
FNDA:0,_RNvNtNtCsiR8rzM5B0PM_12bruno_server8handlers4auth2me
FNDA:0,_RNvNtNtCsiR8rzM5B0PM_12bruno_server8handlers4auth5login
FNDA:0,_RNvNtNtCsiR8rzM5B0PM_12bruno_server8handlers4auth6logout
FNDA:0,_RNvNtNtCsiR8rzM5B0PM_12bruno_server8handlers4auth7refresh
FNDA:0,_RNvNtNtCsiR8rzM5B0PM_12bruno_server8handlers4auth8register
FNDA:0,_RNCNvNtNtCsiR8rzM5B0PM_12bruno_server8handlers4auth2me0B7_
FNDA:0,_RNCNvNtNtCsiR8rzM5B0PM_12bruno_server8handlers4auth5login0B7_
FNDA:0,_RNCNvNtNtCsiR8rzM5B0PM_12bruno_server8handlers4auth6logout0B7_
FNDA:0,_RNCNvNtNtCsiR8rzM5B0PM_12bruno_server8handlers4auth7refresh0B7_
FNDA:0,_RNCNvNtNtCsiR8rzM5B0PM_12bruno_server8handlers4auth8register0B7_
FNF:10
FNH:10
DA:49,157
DA:50,157
DA:51,157
DA:52,157
DA:53,157
DA:54,6
DA:55,151
DA:57,151
DA:59,149
DA:60,149
DA:61,149
DA:62,149
DA:63,157
DA:65,147
DA:66,147
DA:67,147
DA:68,147
DA:69,147
DA:70,0
DA:71,147
DA:73,147
DA:75,143
DA:76,143
DA:77,143
DA:78,143
DA:79,143
DA:80,143
DA:81,143
DA:82,143
DA:83,143
DA:84,143
DA:85,143
DA:86,143
DA:87,147
DA:89,7
DA:90,7
DA:91,7
DA:92,7
DA:93,7
DA:94,3
DA:96,3
DA:97,3
DA:98,3
DA:99,3
DA:100,3
DA:101,3
DA:102,3
DA:103,7
DA:105,2
DA:106,2
DA:107,2
DA:108,2
DA:109,2
DA:110,2
DA:111,2
DA:112,2
DA:113,2
DA:115,2
DA:116,2
DA:117,2
DA:118,2
DA:119,2
DA:120,2
DA:121,2
DA:122,2
DA:123,2
DA:124,2
DA:125,2
DA:126,2
BRF:0
BRH:0
LF:74
LH:73
end_of_record
SF:/Users/daniel_nguyen/Workspace/n-bruno/packages/bruno-server/src/handlers/collection.rs
FN:123,_RNCNCNvNtNtCsjij6uH57LC6_12bruno_server8handlers10collection16resequence_items00B9_
FN:74,_RNCNvNtNtCsjij6uH57LC6_12bruno_server8handlers10collection14get_collection0B7_
FN:106,_RNCNvNtNtCsjij6uH57LC6_12bruno_server8handlers10collection16clone_collection0B7_
FN:64,_RNCNvNtNtCsjij6uH57LC6_12bruno_server8handlers10collection16list_collections0B7_
FN:119,_RNCNvNtNtCsjij6uH57LC6_12bruno_server8handlers10collection16resequence_items0B7_
FN:54,_RNCNvNtNtCsjij6uH57LC6_12bruno_server8handlers10collection17create_collection0B7_
FN:95,_RNCNvNtNtCsjij6uH57LC6_12bruno_server8handlers10collection17delete_collection0B7_
FN:85,_RNCNvNtNtCsjij6uH57LC6_12bruno_server8handlers10collection17update_collection0B7_
FN:70,_RNvNtNtCsjij6uH57LC6_12bruno_server8handlers10collection14get_collection
FN:101,_RNvNtNtCsjij6uH57LC6_12bruno_server8handlers10collection16clone_collection
FN:60,_RNvNtNtCsjij6uH57LC6_12bruno_server8handlers10collection16list_collections
FN:114,_RNvNtNtCsjij6uH57LC6_12bruno_server8handlers10collection16resequence_items
FN:49,_RNvNtNtCsjij6uH57LC6_12bruno_server8handlers10collection17create_collection
FN:91,_RNvNtNtCsjij6uH57LC6_12bruno_server8handlers10collection17delete_collection
FN:80,_RNvNtNtCsjij6uH57LC6_12bruno_server8handlers10collection17update_collection
FN:70,_RNvNtNtCsfChM64pdxnc_12bruno_server8handlers10collection14get_collection
FN:101,_RNvNtNtCsfChM64pdxnc_12bruno_server8handlers10collection16clone_collection
FN:60,_RNvNtNtCsfChM64pdxnc_12bruno_server8handlers10collection16list_collections
FN:114,_RNvNtNtCsfChM64pdxnc_12bruno_server8handlers10collection16resequence_items
FN:49,_RNvNtNtCsfChM64pdxnc_12bruno_server8handlers10collection17create_collection
FN:91,_RNvNtNtCsfChM64pdxnc_12bruno_server8handlers10collection17delete_collection
FN:80,_RNvNtNtCsfChM64pdxnc_12bruno_server8handlers10collection17update_collection
FN:123,_RNCNCNvNtNtCsfChM64pdxnc_12bruno_server8handlers10collection16resequence_items00B9_
FN:74,_RNCNvNtNtCsfChM64pdxnc_12bruno_server8handlers10collection14get_collection0B7_
FN:106,_RNCNvNtNtCsfChM64pdxnc_12bruno_server8handlers10collection16clone_collection0B7_
FN:64,_RNCNvNtNtCsfChM64pdxnc_12bruno_server8handlers10collection16list_collections0B7_
FN:119,_RNCNvNtNtCsfChM64pdxnc_12bruno_server8handlers10collection16resequence_items0B7_
FN:54,_RNCNvNtNtCsfChM64pdxnc_12bruno_server8handlers10collection17create_collection0B7_
FN:95,_RNCNvNtNtCsfChM64pdxnc_12bruno_server8handlers10collection17delete_collection0B7_
FN:85,_RNCNvNtNtCsfChM64pdxnc_12bruno_server8handlers10collection17update_collection0B7_
FN:70,_RNvNtNtCs35y6JsrU3AJ_12bruno_server8handlers10collection14get_collection
FN:101,_RNvNtNtCs35y6JsrU3AJ_12bruno_server8handlers10collection16clone_collection
FN:60,_RNvNtNtCs35y6JsrU3AJ_12bruno_server8handlers10collection16list_collections
FN:114,_RNvNtNtCs35y6JsrU3AJ_12bruno_server8handlers10collection16resequence_items
FN:49,_RNvNtNtCs35y6JsrU3AJ_12bruno_server8handlers10collection17create_collection
FN:91,_RNvNtNtCs35y6JsrU3AJ_12bruno_server8handlers10collection17delete_collection
FN:80,_RNvNtNtCs35y6JsrU3AJ_12bruno_server8handlers10collection17update_collection
FN:123,_RNCNCNvNtNtCs35y6JsrU3AJ_12bruno_server8handlers10collection16resequence_items00B9_
FN:74,_RNCNvNtNtCs35y6JsrU3AJ_12bruno_server8handlers10collection14get_collection0B7_
FN:106,_RNCNvNtNtCs35y6JsrU3AJ_12bruno_server8handlers10collection16clone_collection0B7_
FN:64,_RNCNvNtNtCs35y6JsrU3AJ_12bruno_server8handlers10collection16list_collections0B7_
FN:119,_RNCNvNtNtCs35y6JsrU3AJ_12bruno_server8handlers10collection16resequence_items0B7_
FN:54,_RNCNvNtNtCs35y6JsrU3AJ_12bruno_server8handlers10collection17create_collection0B7_
FN:95,_RNCNvNtNtCs35y6JsrU3AJ_12bruno_server8handlers10collection17delete_collection0B7_
FN:85,_RNCNvNtNtCs35y6JsrU3AJ_12bruno_server8handlers10collection17update_collection0B7_
FN:70,_RNvNtNtCsiR8rzM5B0PM_12bruno_server8handlers10collection14get_collection
FN:101,_RNvNtNtCsiR8rzM5B0PM_12bruno_server8handlers10collection16clone_collection
FN:60,_RNvNtNtCsiR8rzM5B0PM_12bruno_server8handlers10collection16list_collections
FN:114,_RNvNtNtCsiR8rzM5B0PM_12bruno_server8handlers10collection16resequence_items
FN:49,_RNvNtNtCsiR8rzM5B0PM_12bruno_server8handlers10collection17create_collection
FN:91,_RNvNtNtCsiR8rzM5B0PM_12bruno_server8handlers10collection17delete_collection
FN:80,_RNvNtNtCsiR8rzM5B0PM_12bruno_server8handlers10collection17update_collection
FN:123,_RNCNCNvNtNtCsiR8rzM5B0PM_12bruno_server8handlers10collection16resequence_items00B9_
FN:74,_RNCNvNtNtCsiR8rzM5B0PM_12bruno_server8handlers10collection14get_collection0B7_
FN:106,_RNCNvNtNtCsiR8rzM5B0PM_12bruno_server8handlers10collection16clone_collection0B7_
FN:64,_RNCNvNtNtCsiR8rzM5B0PM_12bruno_server8handlers10collection16list_collections0B7_
FN:119,_RNCNvNtNtCsiR8rzM5B0PM_12bruno_server8handlers10collection16resequence_items0B7_
FN:54,_RNCNvNtNtCsiR8rzM5B0PM_12bruno_server8handlers10collection17create_collection0B7_
FN:95,_RNCNvNtNtCsiR8rzM5B0PM_12bruno_server8handlers10collection17delete_collection0B7_
FN:85,_RNCNvNtNtCsiR8rzM5B0PM_12bruno_server8handlers10collection17update_collection0B7_
FNDA:0,_RNCNCNvNtNtCsjij6uH57LC6_12bruno_server8handlers10collection16resequence_items00B9_
FNDA:0,_RNCNvNtNtCsjij6uH57LC6_12bruno_server8handlers10collection14get_collection0B7_
FNDA:0,_RNCNvNtNtCsjij6uH57LC6_12bruno_server8handlers10collection16clone_collection0B7_
FNDA:0,_RNCNvNtNtCsjij6uH57LC6_12bruno_server8handlers10collection16list_collections0B7_
FNDA:0,_RNCNvNtNtCsjij6uH57LC6_12bruno_server8handlers10collection16resequence_items0B7_
FNDA:0,_RNCNvNtNtCsjij6uH57LC6_12bruno_server8handlers10collection17create_collection0B7_
FNDA:0,_RNCNvNtNtCsjij6uH57LC6_12bruno_server8handlers10collection17delete_collection0B7_
FNDA:0,_RNCNvNtNtCsjij6uH57LC6_12bruno_server8handlers10collection17update_collection0B7_
FNDA:0,_RNvNtNtCsjij6uH57LC6_12bruno_server8handlers10collection14get_collection
FNDA:0,_RNvNtNtCsjij6uH57LC6_12bruno_server8handlers10collection16clone_collection
FNDA:0,_RNvNtNtCsjij6uH57LC6_12bruno_server8handlers10collection16list_collections
FNDA:0,_RNvNtNtCsjij6uH57LC6_12bruno_server8handlers10collection16resequence_items
FNDA:0,_RNvNtNtCsjij6uH57LC6_12bruno_server8handlers10collection17create_collection
FNDA:0,_RNvNtNtCsjij6uH57LC6_12bruno_server8handlers10collection17delete_collection
FNDA:0,_RNvNtNtCsjij6uH57LC6_12bruno_server8handlers10collection17update_collection
FNDA:5,_RNvNtNtCsfChM64pdxnc_12bruno_server8handlers10collection14get_collection
FNDA:2,_RNvNtNtCsfChM64pdxnc_12bruno_server8handlers10collection16clone_collection
FNDA:3,_RNvNtNtCsfChM64pdxnc_12bruno_server8handlers10collection16list_collections
FNDA:2,_RNvNtNtCsfChM64pdxnc_12bruno_server8handlers10collection16resequence_items
FNDA:67,_RNvNtNtCsfChM64pdxnc_12bruno_server8handlers10collection17create_collection
FNDA:3,_RNvNtNtCsfChM64pdxnc_12bruno_server8handlers10collection17delete_collection
FNDA:2,_RNvNtNtCsfChM64pdxnc_12bruno_server8handlers10collection17update_collection
FNDA:4,_RNCNCNvNtNtCsfChM64pdxnc_12bruno_server8handlers10collection16resequence_items00B9_
FNDA:5,_RNCNvNtNtCsfChM64pdxnc_12bruno_server8handlers10collection14get_collection0B7_
FNDA:2,_RNCNvNtNtCsfChM64pdxnc_12bruno_server8handlers10collection16clone_collection0B7_
FNDA:3,_RNCNvNtNtCsfChM64pdxnc_12bruno_server8handlers10collection16list_collections0B7_
FNDA:2,_RNCNvNtNtCsfChM64pdxnc_12bruno_server8handlers10collection16resequence_items0B7_
FNDA:67,_RNCNvNtNtCsfChM64pdxnc_12bruno_server8handlers10collection17create_collection0B7_
FNDA:3,_RNCNvNtNtCsfChM64pdxnc_12bruno_server8handlers10collection17delete_collection0B7_
FNDA:2,_RNCNvNtNtCsfChM64pdxnc_12bruno_server8handlers10collection17update_collection0B7_
FNDA:0,_RNvNtNtCs35y6JsrU3AJ_12bruno_server8handlers10collection14get_collection
FNDA:0,_RNvNtNtCs35y6JsrU3AJ_12bruno_server8handlers10collection16clone_collection
FNDA:0,_RNvNtNtCs35y6JsrU3AJ_12bruno_server8handlers10collection16list_collections
FNDA:0,_RNvNtNtCs35y6JsrU3AJ_12bruno_server8handlers10collection16resequence_items
FNDA:0,_RNvNtNtCs35y6JsrU3AJ_12bruno_server8handlers10collection17create_collection
FNDA:0,_RNvNtNtCs35y6JsrU3AJ_12bruno_server8handlers10collection17delete_collection
FNDA:0,_RNvNtNtCs35y6JsrU3AJ_12bruno_server8handlers10collection17update_collection
FNDA:0,_RNCNCNvNtNtCs35y6JsrU3AJ_12bruno_server8handlers10collection16resequence_items00B9_
FNDA:0,_RNCNvNtNtCs35y6JsrU3AJ_12bruno_server8handlers10collection14get_collection0B7_
FNDA:0,_RNCNvNtNtCs35y6JsrU3AJ_12bruno_server8handlers10collection16clone_collection0B7_
FNDA:0,_RNCNvNtNtCs35y6JsrU3AJ_12bruno_server8handlers10collection16list_collections0B7_
FNDA:0,_RNCNvNtNtCs35y6JsrU3AJ_12bruno_server8handlers10collection16resequence_items0B7_
FNDA:0,_RNCNvNtNtCs35y6JsrU3AJ_12bruno_server8handlers10collection17create_collection0B7_
FNDA:0,_RNCNvNtNtCs35y6JsrU3AJ_12bruno_server8handlers10collection17delete_collection0B7_
FNDA:0,_RNCNvNtNtCs35y6JsrU3AJ_12bruno_server8handlers10collection17update_collection0B7_
FNDA:0,_RNvNtNtCsiR8rzM5B0PM_12bruno_server8handlers10collection14get_collection
FNDA:0,_RNvNtNtCsiR8rzM5B0PM_12bruno_server8handlers10collection16clone_collection
FNDA:0,_RNvNtNtCsiR8rzM5B0PM_12bruno_server8handlers10collection16list_collections
FNDA:0,_RNvNtNtCsiR8rzM5B0PM_12bruno_server8handlers10collection16resequence_items
FNDA:0,_RNvNtNtCsiR8rzM5B0PM_12bruno_server8handlers10collection17create_collection
FNDA:0,_RNvNtNtCsiR8rzM5B0PM_12bruno_server8handlers10collection17delete_collection
FNDA:0,_RNvNtNtCsiR8rzM5B0PM_12bruno_server8handlers10collection17update_collection
FNDA:0,_RNCNCNvNtNtCsiR8rzM5B0PM_12bruno_server8handlers10collection16resequence_items00B9_
FNDA:0,_RNCNvNtNtCsiR8rzM5B0PM_12bruno_server8handlers10collection14get_collection0B7_
FNDA:0,_RNCNvNtNtCsiR8rzM5B0PM_12bruno_server8handlers10collection16clone_collection0B7_
FNDA:0,_RNCNvNtNtCsiR8rzM5B0PM_12bruno_server8handlers10collection16list_collections0B7_
FNDA:0,_RNCNvNtNtCsiR8rzM5B0PM_12bruno_server8handlers10collection16resequence_items0B7_
FNDA:0,_RNCNvNtNtCsiR8rzM5B0PM_12bruno_server8handlers10collection17create_collection0B7_
FNDA:0,_RNCNvNtNtCsiR8rzM5B0PM_12bruno_server8handlers10collection17delete_collection0B7_
FNDA:0,_RNCNvNtNtCsiR8rzM5B0PM_12bruno_server8handlers10collection17update_collection0B7_
FNF:15
FNH:15
DA:49,67
DA:50,67
DA:51,67
DA:52,67
DA:53,67
DA:54,67
DA:55,67
DA:56,67
DA:57,64
DA:58,67
DA:60,3
DA:61,3
DA:62,3
DA:63,3
DA:64,3
DA:65,3
DA:66,3
DA:67,2
DA:68,3
DA:70,5
DA:71,5
DA:72,5
DA:73,5
DA:74,5
DA:75,5
DA:76,5
DA:77,2
DA:78,5
DA:80,2
DA:81,2
DA:82,2
DA:83,2
DA:84,2
DA:85,2
DA:86,2
DA:87,2
DA:88,2
DA:89,2
DA:91,3
DA:92,3
DA:93,3
DA:94,3
DA:95,3
DA:96,3
DA:97,3
DA:98,3
DA:99,3
DA:101,2
DA:102,2
DA:103,2
DA:104,2
DA:105,2
DA:106,2
DA:107,2
DA:108,2
DA:109,2
DA:110,2
DA:111,2
DA:112,2
DA:114,2
DA:115,2
DA:116,2
DA:117,2
DA:118,2
DA:119,2
DA:120,2
DA:121,2
DA:122,2
DA:123,4
DA:124,2
DA:126,2
DA:127,2
DA:128,2
DA:130,2
DA:131,2
DA:132,2
DA:133,2
DA:134,2
DA:135,2
DA:136,2
BRF:0
BRH:0
LF:88
LH:88
end_of_record
SF:/Users/daniel_nguyen/Workspace/n-bruno/packages/bruno-server/src/handlers/environment.rs
FN:46,_RNCNvNtNtCsjij6uH57LC6_12bruno_server8handlers11environment17list_environments0B7_
FN:36,_RNCNvNtNtCsjij6uH57LC6_12bruno_server8handlers11environment18create_environment0B7_
FN:67,_RNCNvNtNtCsjij6uH57LC6_12bruno_server8handlers11environment18delete_environment0B7_
FN:57,_RNCNvNtNtCsjij6uH57LC6_12bruno_server8handlers11environment18update_environment0B7_
FN:92,_RNCNvNtNtCsjij6uH57LC6_12bruno_server8handlers11environment28list_collection_environments0B7_
FN:80,_RNCNvNtNtCsjij6uH57LC6_12bruno_server8handlers11environment29create_collection_environment0B7_
FN:42,_RNvNtNtCsjij6uH57LC6_12bruno_server8handlers11environment17list_environments
FN:31,_RNvNtNtCsjij6uH57LC6_12bruno_server8handlers11environment18create_environment
FN:63,_RNvNtNtCsjij6uH57LC6_12bruno_server8handlers11environment18delete_environment
FN:52,_RNvNtNtCsjij6uH57LC6_12bruno_server8handlers11environment18update_environment
FN:88,_RNvNtNtCsjij6uH57LC6_12bruno_server8handlers11environment28list_collection_environments
FN:75,_RNvNtNtCsjij6uH57LC6_12bruno_server8handlers11environment29create_collection_environment
FN:46,_RNCNvNtNtCsfChM64pdxnc_12bruno_server8handlers11environment17list_environments0B7_
FN:36,_RNCNvNtNtCsfChM64pdxnc_12bruno_server8handlers11environment18create_environment0B7_
FN:67,_RNCNvNtNtCsfChM64pdxnc_12bruno_server8handlers11environment18delete_environment0B7_
FN:57,_RNCNvNtNtCsfChM64pdxnc_12bruno_server8handlers11environment18update_environment0B7_
FN:92,_RNCNvNtNtCsfChM64pdxnc_12bruno_server8handlers11environment28list_collection_environments0B7_
FN:80,_RNCNvNtNtCsfChM64pdxnc_12bruno_server8handlers11environment29create_collection_environment0B7_
FN:42,_RNvNtNtCsfChM64pdxnc_12bruno_server8handlers11environment17list_environments
FN:31,_RNvNtNtCsfChM64pdxnc_12bruno_server8handlers11environment18create_environment
FN:63,_RNvNtNtCsfChM64pdxnc_12bruno_server8handlers11environment18delete_environment
FN:52,_RNvNtNtCsfChM64pdxnc_12bruno_server8handlers11environment18update_environment
FN:88,_RNvNtNtCsfChM64pdxnc_12bruno_server8handlers11environment28list_collection_environments
FN:75,_RNvNtNtCsfChM64pdxnc_12bruno_server8handlers11environment29create_collection_environment
FN:42,_RNvNtNtCs35y6JsrU3AJ_12bruno_server8handlers11environment17list_environments
FN:31,_RNvNtNtCs35y6JsrU3AJ_12bruno_server8handlers11environment18create_environment
FN:63,_RNvNtNtCs35y6JsrU3AJ_12bruno_server8handlers11environment18delete_environment
FN:52,_RNvNtNtCs35y6JsrU3AJ_12bruno_server8handlers11environment18update_environment
FN:88,_RNvNtNtCs35y6JsrU3AJ_12bruno_server8handlers11environment28list_collection_environments
FN:75,_RNvNtNtCs35y6JsrU3AJ_12bruno_server8handlers11environment29create_collection_environment
FN:46,_RNCNvNtNtCs35y6JsrU3AJ_12bruno_server8handlers11environment17list_environments0B7_
FN:36,_RNCNvNtNtCs35y6JsrU3AJ_12bruno_server8handlers11environment18create_environment0B7_
FN:67,_RNCNvNtNtCs35y6JsrU3AJ_12bruno_server8handlers11environment18delete_environment0B7_
FN:57,_RNCNvNtNtCs35y6JsrU3AJ_12bruno_server8handlers11environment18update_environment0B7_
FN:92,_RNCNvNtNtCs35y6JsrU3AJ_12bruno_server8handlers11environment28list_collection_environments0B7_
FN:80,_RNCNvNtNtCs35y6JsrU3AJ_12bruno_server8handlers11environment29create_collection_environment0B7_
FN:42,_RNvNtNtCsiR8rzM5B0PM_12bruno_server8handlers11environment17list_environments
FN:31,_RNvNtNtCsiR8rzM5B0PM_12bruno_server8handlers11environment18create_environment
FN:63,_RNvNtNtCsiR8rzM5B0PM_12bruno_server8handlers11environment18delete_environment
FN:52,_RNvNtNtCsiR8rzM5B0PM_12bruno_server8handlers11environment18update_environment
FN:88,_RNvNtNtCsiR8rzM5B0PM_12bruno_server8handlers11environment28list_collection_environments
FN:75,_RNvNtNtCsiR8rzM5B0PM_12bruno_server8handlers11environment29create_collection_environment
FN:46,_RNCNvNtNtCsiR8rzM5B0PM_12bruno_server8handlers11environment17list_environments0B7_
FN:36,_RNCNvNtNtCsiR8rzM5B0PM_12bruno_server8handlers11environment18create_environment0B7_
FN:67,_RNCNvNtNtCsiR8rzM5B0PM_12bruno_server8handlers11environment18delete_environment0B7_
FN:57,_RNCNvNtNtCsiR8rzM5B0PM_12bruno_server8handlers11environment18update_environment0B7_
FN:92,_RNCNvNtNtCsiR8rzM5B0PM_12bruno_server8handlers11environment28list_collection_environments0B7_
FN:80,_RNCNvNtNtCsiR8rzM5B0PM_12bruno_server8handlers11environment29create_collection_environment0B7_
FNDA:0,_RNCNvNtNtCsjij6uH57LC6_12bruno_server8handlers11environment17list_environments0B7_
FNDA:0,_RNCNvNtNtCsjij6uH57LC6_12bruno_server8handlers11environment18create_environment0B7_
FNDA:0,_RNCNvNtNtCsjij6uH57LC6_12bruno_server8handlers11environment18delete_environment0B7_
FNDA:0,_RNCNvNtNtCsjij6uH57LC6_12bruno_server8handlers11environment18update_environment0B7_
FNDA:0,_RNCNvNtNtCsjij6uH57LC6_12bruno_server8handlers11environment28list_collection_environments0B7_
FNDA:0,_RNCNvNtNtCsjij6uH57LC6_12bruno_server8handlers11environment29create_collection_environment0B7_
FNDA:0,_RNvNtNtCsjij6uH57LC6_12bruno_server8handlers11environment17list_environments
FNDA:0,_RNvNtNtCsjij6uH57LC6_12bruno_server8handlers11environment18create_environment
FNDA:0,_RNvNtNtCsjij6uH57LC6_12bruno_server8handlers11environment18delete_environment
FNDA:0,_RNvNtNtCsjij6uH57LC6_12bruno_server8handlers11environment18update_environment
FNDA:0,_RNvNtNtCsjij6uH57LC6_12bruno_server8handlers11environment28list_collection_environments
FNDA:0,_RNvNtNtCsjij6uH57LC6_12bruno_server8handlers11environment29create_collection_environment
FNDA:3,_RNCNvNtNtCsfChM64pdxnc_12bruno_server8handlers11environment17list_environments0B7_
FNDA:12,_RNCNvNtNtCsfChM64pdxnc_12bruno_server8handlers11environment18create_environment0B7_
FNDA:5,_RNCNvNtNtCsfChM64pdxnc_12bruno_server8handlers11environment18delete_environment0B7_
FNDA:4,_RNCNvNtNtCsfChM64pdxnc_12bruno_server8handlers11environment18update_environment0B7_
FNDA:2,_RNCNvNtNtCsfChM64pdxnc_12bruno_server8handlers11environment28list_collection_environments0B7_
FNDA:3,_RNCNvNtNtCsfChM64pdxnc_12bruno_server8handlers11environment29create_collection_environment0B7_
FNDA:3,_RNvNtNtCsfChM64pdxnc_12bruno_server8handlers11environment17list_environments
FNDA:12,_RNvNtNtCsfChM64pdxnc_12bruno_server8handlers11environment18create_environment
FNDA:5,_RNvNtNtCsfChM64pdxnc_12bruno_server8handlers11environment18delete_environment
FNDA:4,_RNvNtNtCsfChM64pdxnc_12bruno_server8handlers11environment18update_environment
FNDA:2,_RNvNtNtCsfChM64pdxnc_12bruno_server8handlers11environment28list_collection_environments
FNDA:3,_RNvNtNtCsfChM64pdxnc_12bruno_server8handlers11environment29create_collection_environment
FNDA:0,_RNvNtNtCs35y6JsrU3AJ_12bruno_server8handlers11environment17list_environments
FNDA:0,_RNvNtNtCs35y6JsrU3AJ_12bruno_server8handlers11environment18create_environment
FNDA:0,_RNvNtNtCs35y6JsrU3AJ_12bruno_server8handlers11environment18delete_environment
FNDA:0,_RNvNtNtCs35y6JsrU3AJ_12bruno_server8handlers11environment18update_environment
FNDA:0,_RNvNtNtCs35y6JsrU3AJ_12bruno_server8handlers11environment28list_collection_environments
FNDA:0,_RNvNtNtCs35y6JsrU3AJ_12bruno_server8handlers11environment29create_collection_environment
FNDA:0,_RNCNvNtNtCs35y6JsrU3AJ_12bruno_server8handlers11environment17list_environments0B7_
FNDA:0,_RNCNvNtNtCs35y6JsrU3AJ_12bruno_server8handlers11environment18create_environment0B7_
FNDA:0,_RNCNvNtNtCs35y6JsrU3AJ_12bruno_server8handlers11environment18delete_environment0B7_
FNDA:0,_RNCNvNtNtCs35y6JsrU3AJ_12bruno_server8handlers11environment18update_environment0B7_
FNDA:0,_RNCNvNtNtCs35y6JsrU3AJ_12bruno_server8handlers11environment28list_collection_environments0B7_
FNDA:0,_RNCNvNtNtCs35y6JsrU3AJ_12bruno_server8handlers11environment29create_collection_environment0B7_
FNDA:0,_RNvNtNtCsiR8rzM5B0PM_12bruno_server8handlers11environment17list_environments
FNDA:0,_RNvNtNtCsiR8rzM5B0PM_12bruno_server8handlers11environment18create_environment
FNDA:0,_RNvNtNtCsiR8rzM5B0PM_12bruno_server8handlers11environment18delete_environment
FNDA:0,_RNvNtNtCsiR8rzM5B0PM_12bruno_server8handlers11environment18update_environment
FNDA:0,_RNvNtNtCsiR8rzM5B0PM_12bruno_server8handlers11environment28list_collection_environments
FNDA:0,_RNvNtNtCsiR8rzM5B0PM_12bruno_server8handlers11environment29create_collection_environment
FNDA:0,_RNCNvNtNtCsiR8rzM5B0PM_12bruno_server8handlers11environment17list_environments0B7_
FNDA:0,_RNCNvNtNtCsiR8rzM5B0PM_12bruno_server8handlers11environment18create_environment0B7_
FNDA:0,_RNCNvNtNtCsiR8rzM5B0PM_12bruno_server8handlers11environment18delete_environment0B7_
FNDA:0,_RNCNvNtNtCsiR8rzM5B0PM_12bruno_server8handlers11environment18update_environment0B7_
FNDA:0,_RNCNvNtNtCsiR8rzM5B0PM_12bruno_server8handlers11environment28list_collection_environments0B7_
FNDA:0,_RNCNvNtNtCsiR8rzM5B0PM_12bruno_server8handlers11environment29create_collection_environment0B7_
FNF:12
FNH:12
DA:31,12
DA:32,12
DA:33,12
DA:34,12
DA:35,12
DA:36,12
DA:37,12
DA:38,12
DA:39,10
DA:40,12
DA:42,3
DA:43,3
DA:44,3
DA:45,3
DA:46,3
DA:47,3
DA:48,3
DA:49,3
DA:50,3
DA:52,4
DA:53,4
DA:54,4
DA:55,4
DA:56,4
DA:57,4
DA:58,4
DA:59,4
DA:60,4
DA:61,4
DA:63,5
DA:64,5
DA:65,5
DA:66,5
DA:67,5
DA:68,5
DA:69,5
DA:70,3
DA:71,5
DA:75,3
DA:76,3
DA:77,3
DA:78,3
DA:79,3
DA:80,3
DA:81,3
DA:82,3
DA:83,3
DA:84,3
DA:85,3
DA:86,3
DA:88,2
DA:89,2
DA:90,2
DA:91,2
DA:92,2
DA:93,2
DA:94,2
DA:95,2
DA:96,2
BRF:0
BRH:0
LF:65
LH:65
end_of_record
SF:/Users/daniel_nguyen/Workspace/n-bruno/packages/bruno-server/src/handlers/example.rs
FN:68,_RNCNvNtNtCsjij6uH57LC6_12bruno_server8handlers7example11get_example0B7_
FN:78,_RNCNvNtNtCsjij6uH57LC6_12bruno_server8handlers7example13list_examples0B7_
FN:51,_RNCNvNtNtCsjij6uH57LC6_12bruno_server8handlers7example14create_example0B7_
FN:116,_RNCNvNtNtCsjij6uH57LC6_12bruno_server8handlers7example14delete_example0B7_
FN:99,_RNCNvNtNtCsjij6uH57LC6_12bruno_server8handlers7example14update_example0B7_
FN:88,_RNCNvNtNtCsjij6uH57LC6_12bruno_server8handlers7example24list_collection_examples0B7_
FN:64,_RNvNtNtCsjij6uH57LC6_12bruno_server8handlers7example11get_example
FN:74,_RNvNtNtCsjij6uH57LC6_12bruno_server8handlers7example13list_examples
FN:46,_RNvNtNtCsjij6uH57LC6_12bruno_server8handlers7example14create_example
FN:112,_RNvNtNtCsjij6uH57LC6_12bruno_server8handlers7example14delete_example
FN:94,_RNvNtNtCsjij6uH57LC6_12bruno_server8handlers7example14update_example
FN:122,_RNvNtNtCsjij6uH57LC6_12bruno_server8handlers7example15json_map_to_doc
FN:84,_RNvNtNtCsjij6uH57LC6_12bruno_server8handlers7example24list_collection_examples
FN:68,_RNCNvNtNtCsfChM64pdxnc_12bruno_server8handlers7example11get_example0B7_
FN:78,_RNCNvNtNtCsfChM64pdxnc_12bruno_server8handlers7example13list_examples0B7_
FN:51,_RNCNvNtNtCsfChM64pdxnc_12bruno_server8handlers7example14create_example0B7_
FN:116,_RNCNvNtNtCsfChM64pdxnc_12bruno_server8handlers7example14delete_example0B7_
FN:99,_RNCNvNtNtCsfChM64pdxnc_12bruno_server8handlers7example14update_example0B7_
FN:88,_RNCNvNtNtCsfChM64pdxnc_12bruno_server8handlers7example24list_collection_examples0B7_
FN:64,_RNvNtNtCsfChM64pdxnc_12bruno_server8handlers7example11get_example
FN:74,_RNvNtNtCsfChM64pdxnc_12bruno_server8handlers7example13list_examples
FN:46,_RNvNtNtCsfChM64pdxnc_12bruno_server8handlers7example14create_example
FN:112,_RNvNtNtCsfChM64pdxnc_12bruno_server8handlers7example14delete_example
FN:94,_RNvNtNtCsfChM64pdxnc_12bruno_server8handlers7example14update_example
FN:122,_RNvNtNtCsfChM64pdxnc_12bruno_server8handlers7example15json_map_to_doc
FN:84,_RNvNtNtCsfChM64pdxnc_12bruno_server8handlers7example24list_collection_examples
FN:64,_RNvNtNtCs35y6JsrU3AJ_12bruno_server8handlers7example11get_example
FN:74,_RNvNtNtCs35y6JsrU3AJ_12bruno_server8handlers7example13list_examples
FN:46,_RNvNtNtCs35y6JsrU3AJ_12bruno_server8handlers7example14create_example
FN:112,_RNvNtNtCs35y6JsrU3AJ_12bruno_server8handlers7example14delete_example
FN:94,_RNvNtNtCs35y6JsrU3AJ_12bruno_server8handlers7example14update_example
FN:122,_RNvNtNtCs35y6JsrU3AJ_12bruno_server8handlers7example15json_map_to_doc
FN:84,_RNvNtNtCs35y6JsrU3AJ_12bruno_server8handlers7example24list_collection_examples
FN:68,_RNCNvNtNtCs35y6JsrU3AJ_12bruno_server8handlers7example11get_example0B7_
FN:78,_RNCNvNtNtCs35y6JsrU3AJ_12bruno_server8handlers7example13list_examples0B7_
FN:51,_RNCNvNtNtCs35y6JsrU3AJ_12bruno_server8handlers7example14create_example0B7_
FN:116,_RNCNvNtNtCs35y6JsrU3AJ_12bruno_server8handlers7example14delete_example0B7_
FN:99,_RNCNvNtNtCs35y6JsrU3AJ_12bruno_server8handlers7example14update_example0B7_
FN:88,_RNCNvNtNtCs35y6JsrU3AJ_12bruno_server8handlers7example24list_collection_examples0B7_
FN:68,_RNCNvNtNtCsiR8rzM5B0PM_12bruno_server8handlers7example11get_example0B7_
FN:78,_RNCNvNtNtCsiR8rzM5B0PM_12bruno_server8handlers7example13list_examples0B7_
FN:51,_RNCNvNtNtCsiR8rzM5B0PM_12bruno_server8handlers7example14create_example0B7_
FN:116,_RNCNvNtNtCsiR8rzM5B0PM_12bruno_server8handlers7example14delete_example0B7_
FN:99,_RNCNvNtNtCsiR8rzM5B0PM_12bruno_server8handlers7example14update_example0B7_
FN:88,_RNCNvNtNtCsiR8rzM5B0PM_12bruno_server8handlers7example24list_collection_examples0B7_
FN:64,_RNvNtNtCsiR8rzM5B0PM_12bruno_server8handlers7example11get_example
FN:74,_RNvNtNtCsiR8rzM5B0PM_12bruno_server8handlers7example13list_examples
FN:46,_RNvNtNtCsiR8rzM5B0PM_12bruno_server8handlers7example14create_example
FN:112,_RNvNtNtCsiR8rzM5B0PM_12bruno_server8handlers7example14delete_example
FN:94,_RNvNtNtCsiR8rzM5B0PM_12bruno_server8handlers7example14update_example
FN:84,_RNvNtNtCsiR8rzM5B0PM_12bruno_server8handlers7example24list_collection_examples
FN:122,_RNvNtNtCsiR8rzM5B0PM_12bruno_server8handlers7example15json_map_to_doc
FNDA:0,_RNCNvNtNtCsjij6uH57LC6_12bruno_server8handlers7example11get_example0B7_
FNDA:0,_RNCNvNtNtCsjij6uH57LC6_12bruno_server8handlers7example13list_examples0B7_
FNDA:0,_RNCNvNtNtCsjij6uH57LC6_12bruno_server8handlers7example14create_example0B7_
FNDA:0,_RNCNvNtNtCsjij6uH57LC6_12bruno_server8handlers7example14delete_example0B7_
FNDA:0,_RNCNvNtNtCsjij6uH57LC6_12bruno_server8handlers7example14update_example0B7_
FNDA:0,_RNCNvNtNtCsjij6uH57LC6_12bruno_server8handlers7example24list_collection_examples0B7_
FNDA:0,_RNvNtNtCsjij6uH57LC6_12bruno_server8handlers7example11get_example
FNDA:0,_RNvNtNtCsjij6uH57LC6_12bruno_server8handlers7example13list_examples
FNDA:0,_RNvNtNtCsjij6uH57LC6_12bruno_server8handlers7example14create_example
FNDA:0,_RNvNtNtCsjij6uH57LC6_12bruno_server8handlers7example14delete_example
FNDA:0,_RNvNtNtCsjij6uH57LC6_12bruno_server8handlers7example14update_example
FNDA:0,_RNvNtNtCsjij6uH57LC6_12bruno_server8handlers7example15json_map_to_doc
FNDA:0,_RNvNtNtCsjij6uH57LC6_12bruno_server8handlers7example24list_collection_examples
FNDA:5,_RNCNvNtNtCsfChM64pdxnc_12bruno_server8handlers7example11get_example0B7_
FNDA:4,_RNCNvNtNtCsfChM64pdxnc_12bruno_server8handlers7example13list_examples0B7_
FNDA:18,_RNCNvNtNtCsfChM64pdxnc_12bruno_server8handlers7example14create_example0B7_
FNDA:2,_RNCNvNtNtCsfChM64pdxnc_12bruno_server8handlers7example14delete_example0B7_
FNDA:2,_RNCNvNtNtCsfChM64pdxnc_12bruno_server8handlers7example14update_example0B7_
FNDA:2,_RNCNvNtNtCsfChM64pdxnc_12bruno_server8handlers7example24list_collection_examples0B7_
FNDA:5,_RNvNtNtCsfChM64pdxnc_12bruno_server8handlers7example11get_example
FNDA:4,_RNvNtNtCsfChM64pdxnc_12bruno_server8handlers7example13list_examples
FNDA:18,_RNvNtNtCsfChM64pdxnc_12bruno_server8handlers7example14create_example
FNDA:2,_RNvNtNtCsfChM64pdxnc_12bruno_server8handlers7example14delete_example
FNDA:2,_RNvNtNtCsfChM64pdxnc_12bruno_server8handlers7example14update_example
FNDA:18,_RNvNtNtCsfChM64pdxnc_12bruno_server8handlers7example15json_map_to_doc
FNDA:2,_RNvNtNtCsfChM64pdxnc_12bruno_server8handlers7example24list_collection_examples
FNDA:0,_RNvNtNtCs35y6JsrU3AJ_12bruno_server8handlers7example11get_example
FNDA:0,_RNvNtNtCs35y6JsrU3AJ_12bruno_server8handlers7example13list_examples
FNDA:0,_RNvNtNtCs35y6JsrU3AJ_12bruno_server8handlers7example14create_example
FNDA:0,_RNvNtNtCs35y6JsrU3AJ_12bruno_server8handlers7example14delete_example
FNDA:0,_RNvNtNtCs35y6JsrU3AJ_12bruno_server8handlers7example14update_example
FNDA:0,_RNvNtNtCs35y6JsrU3AJ_12bruno_server8handlers7example15json_map_to_doc
FNDA:0,_RNvNtNtCs35y6JsrU3AJ_12bruno_server8handlers7example24list_collection_examples
FNDA:0,_RNCNvNtNtCs35y6JsrU3AJ_12bruno_server8handlers7example11get_example0B7_
FNDA:0,_RNCNvNtNtCs35y6JsrU3AJ_12bruno_server8handlers7example13list_examples0B7_
FNDA:0,_RNCNvNtNtCs35y6JsrU3AJ_12bruno_server8handlers7example14create_example0B7_
FNDA:0,_RNCNvNtNtCs35y6JsrU3AJ_12bruno_server8handlers7example14delete_example0B7_
FNDA:0,_RNCNvNtNtCs35y6JsrU3AJ_12bruno_server8handlers7example14update_example0B7_
FNDA:0,_RNCNvNtNtCs35y6JsrU3AJ_12bruno_server8handlers7example24list_collection_examples0B7_
FNDA:0,_RNCNvNtNtCsiR8rzM5B0PM_12bruno_server8handlers7example11get_example0B7_
FNDA:0,_RNCNvNtNtCsiR8rzM5B0PM_12bruno_server8handlers7example13list_examples0B7_
FNDA:0,_RNCNvNtNtCsiR8rzM5B0PM_12bruno_server8handlers7example14create_example0B7_
FNDA:0,_RNCNvNtNtCsiR8rzM5B0PM_12bruno_server8handlers7example14delete_example0B7_
FNDA:0,_RNCNvNtNtCsiR8rzM5B0PM_12bruno_server8handlers7example14update_example0B7_
FNDA:0,_RNCNvNtNtCsiR8rzM5B0PM_12bruno_server8handlers7example24list_collection_examples0B7_
FNDA:0,_RNvNtNtCsiR8rzM5B0PM_12bruno_server8handlers7example11get_example
FNDA:0,_RNvNtNtCsiR8rzM5B0PM_12bruno_server8handlers7example13list_examples
FNDA:0,_RNvNtNtCsiR8rzM5B0PM_12bruno_server8handlers7example14create_example
FNDA:0,_RNvNtNtCsiR8rzM5B0PM_12bruno_server8handlers7example14delete_example
FNDA:0,_RNvNtNtCsiR8rzM5B0PM_12bruno_server8handlers7example14update_example
FNDA:0,_RNvNtNtCsiR8rzM5B0PM_12bruno_server8handlers7example24list_collection_examples
FNDA:0,_RNvNtNtCsiR8rzM5B0PM_12bruno_server8handlers7example15json_map_to_doc
FNF:13
FNH:13
DA:46,18
DA:47,18
DA:48,18
DA:49,18
DA:50,18
DA:51,18
DA:52,18
DA:53,18
DA:54,18
DA:55,18
DA:56,18
DA:57,18
DA:58,18
DA:59,18
DA:60,18
DA:61,16
DA:62,18
DA:64,5
DA:65,5
DA:66,5
DA:67,5
DA:68,5
DA:69,5
DA:70,5
DA:71,2
DA:72,5
DA:74,4
DA:75,4
DA:76,4
DA:77,4
DA:78,4
DA:79,4
DA:80,4
DA:81,4
DA:82,4
DA:84,2
DA:85,2
DA:86,2
DA:87,2
DA:88,2
DA:89,2
DA:90,2
DA:91,2
DA:92,2
DA:94,2
DA:95,2
DA:96,2
DA:97,2
DA:98,2
DA:99,2
DA:100,2
DA:101,2
DA:102,2
DA:103,2
DA:104,2
DA:105,2
DA:106,2
DA:107,2
DA:108,2
DA:109,2
DA:110,2
DA:112,2
DA:113,2
DA:114,2
DA:115,2
DA:116,2
DA:117,2
DA:118,2
DA:119,2
DA:120,2
DA:122,18
DA:123,18
DA:124,18
DA:125,10
DA:126,10
DA:127,10
DA:129,18
DA:130,18
BRF:0
BRH:0
LF:84
LH:84
end_of_record
SF:/Users/daniel_nguyen/Workspace/n-bruno/packages/bruno-server/src/handlers/health.rs
FN:6,_RNvNtNtCsjij6uH57LC6_12bruno_server8handlers6health12health_check
FN:6,_RNCNvNtNtCsjij6uH57LC6_12bruno_server8handlers6health12health_check0B7_
FN:6,_RNCNvNtNtCsfChM64pdxnc_12bruno_server8handlers6health12health_check0B7_
FN:6,_RNvNtNtCsfChM64pdxnc_12bruno_server8handlers6health12health_check
FN:6,_RNCNvNtNtCs35y6JsrU3AJ_12bruno_server8handlers6health12health_check0B7_
FN:6,_RNvNtNtCs35y6JsrU3AJ_12bruno_server8handlers6health12health_check
FN:6,_RNvNtNtCsiR8rzM5B0PM_12bruno_server8handlers6health12health_check
FN:6,_RNCNvNtNtCsiR8rzM5B0PM_12bruno_server8handlers6health12health_check0B7_
FNDA:0,_RNvNtNtCsjij6uH57LC6_12bruno_server8handlers6health12health_check
FNDA:0,_RNCNvNtNtCsjij6uH57LC6_12bruno_server8handlers6health12health_check0B7_
FNDA:3,_RNCNvNtNtCsfChM64pdxnc_12bruno_server8handlers6health12health_check0B7_
FNDA:3,_RNvNtNtCsfChM64pdxnc_12bruno_server8handlers6health12health_check
FNDA:0,_RNCNvNtNtCs35y6JsrU3AJ_12bruno_server8handlers6health12health_check0B7_
FNDA:0,_RNvNtNtCs35y6JsrU3AJ_12bruno_server8handlers6health12health_check
FNDA:0,_RNvNtNtCsiR8rzM5B0PM_12bruno_server8handlers6health12health_check
FNDA:0,_RNCNvNtNtCsiR8rzM5B0PM_12bruno_server8handlers6health12health_check0B7_
FNF:2
FNH:2
DA:6,3
DA:7,3
DA:8,3
DA:9,3
DA:10,3
DA:11,3
DA:12,3
DA:13,3
DA:14,3
DA:15,3
BRF:0
BRH:0
LF:11
LH:11
end_of_record
SF:/Users/daniel_nguyen/Workspace/n-bruno/packages/bruno-server/src/handlers/import_export.rs
FN:154,_RNCNCNvNtNtCsjij6uH57LC6_12bruno_server8handlers13import_export16export_workspace00B9_
FN:101,_RNCNCNvNtNtCsjij6uH57LC6_12bruno_server8handlers13import_export17export_collection00B9_
FN:132,_RNCNCNvNtNtCsjij6uH57LC6_12bruno_server8handlers13import_export17export_collection0s0_0B9_
FN:116,_RNCNCNvNtNtCsjij6uH57LC6_12bruno_server8handlers13import_export17export_collection0s_0B9_
FN:36,_RNCNvNtNtCsjij6uH57LC6_12bruno_server8handlers13import_export14import_postman0B7_
FN:62,_RNCNvNtNtCsjij6uH57LC6_12bruno_server8handlers13import_export15import_insomnia0B7_
FN:150,_RNCNvNtNtCsjij6uH57LC6_12bruno_server8handlers13import_export16export_workspace0B7_
FN:93,_RNCNvNtNtCsjij6uH57LC6_12bruno_server8handlers13import_export17export_collection0B7_
FN:31,_RNvNtNtCsjij6uH57LC6_12bruno_server8handlers13import_export14import_postman
FN:57,_RNvNtNtCsjij6uH57LC6_12bruno_server8handlers13import_export15import_insomnia
FN:146,_RNvNtNtCsjij6uH57LC6_12bruno_server8handlers13import_export16export_workspace
FN:88,_RNvNtNtCsjij6uH57LC6_12bruno_server8handlers13import_export17export_collection
FN:154,_RNCNCNvNtNtCsfChM64pdxnc_12bruno_server8handlers13import_export16export_workspace00B9_
FN:101,_RNCNCNvNtNtCsfChM64pdxnc_12bruno_server8handlers13import_export17export_collection00B9_
FN:132,_RNCNCNvNtNtCsfChM64pdxnc_12bruno_server8handlers13import_export17export_collection0s0_0B9_
FN:116,_RNCNCNvNtNtCsfChM64pdxnc_12bruno_server8handlers13import_export17export_collection0s_0B9_
FN:36,_RNCNvNtNtCsfChM64pdxnc_12bruno_server8handlers13import_export14import_postman0B7_
FN:62,_RNCNvNtNtCsfChM64pdxnc_12bruno_server8handlers13import_export15import_insomnia0B7_
FN:150,_RNCNvNtNtCsfChM64pdxnc_12bruno_server8handlers13import_export16export_workspace0B7_
FN:93,_RNCNvNtNtCsfChM64pdxnc_12bruno_server8handlers13import_export17export_collection0B7_
FN:31,_RNvNtNtCsfChM64pdxnc_12bruno_server8handlers13import_export14import_postman
FN:57,_RNvNtNtCsfChM64pdxnc_12bruno_server8handlers13import_export15import_insomnia
FN:146,_RNvNtNtCsfChM64pdxnc_12bruno_server8handlers13import_export16export_workspace
FN:88,_RNvNtNtCsfChM64pdxnc_12bruno_server8handlers13import_export17export_collection
FN:31,_RNvNtNtCs35y6JsrU3AJ_12bruno_server8handlers13import_export14import_postman
FN:57,_RNvNtNtCs35y6JsrU3AJ_12bruno_server8handlers13import_export15import_insomnia
FN:146,_RNvNtNtCs35y6JsrU3AJ_12bruno_server8handlers13import_export16export_workspace
FN:88,_RNvNtNtCs35y6JsrU3AJ_12bruno_server8handlers13import_export17export_collection
FN:154,_RNCNCNvNtNtCs35y6JsrU3AJ_12bruno_server8handlers13import_export16export_workspace00B9_
FN:101,_RNCNCNvNtNtCs35y6JsrU3AJ_12bruno_server8handlers13import_export17export_collection00B9_
FN:132,_RNCNCNvNtNtCs35y6JsrU3AJ_12bruno_server8handlers13import_export17export_collection0s0_0B9_
FN:116,_RNCNCNvNtNtCs35y6JsrU3AJ_12bruno_server8handlers13import_export17export_collection0s_0B9_
FN:36,_RNCNvNtNtCs35y6JsrU3AJ_12bruno_server8handlers13import_export14import_postman0B7_
FN:62,_RNCNvNtNtCs35y6JsrU3AJ_12bruno_server8handlers13import_export15import_insomnia0B7_
FN:150,_RNCNvNtNtCs35y6JsrU3AJ_12bruno_server8handlers13import_export16export_workspace0B7_
FN:93,_RNCNvNtNtCs35y6JsrU3AJ_12bruno_server8handlers13import_export17export_collection0B7_
FN:31,_RNvNtNtCsiR8rzM5B0PM_12bruno_server8handlers13import_export14import_postman
FN:57,_RNvNtNtCsiR8rzM5B0PM_12bruno_server8handlers13import_export15import_insomnia
FN:146,_RNvNtNtCsiR8rzM5B0PM_12bruno_server8handlers13import_export16export_workspace
FN:88,_RNvNtNtCsiR8rzM5B0PM_12bruno_server8handlers13import_export17export_collection
FN:154,_RNCNCNvNtNtCsiR8rzM5B0PM_12bruno_server8handlers13import_export16export_workspace00B9_
FN:101,_RNCNCNvNtNtCsiR8rzM5B0PM_12bruno_server8handlers13import_export17export_collection00B9_
FN:132,_RNCNCNvNtNtCsiR8rzM5B0PM_12bruno_server8handlers13import_export17export_collection0s0_0B9_
FN:116,_RNCNCNvNtNtCsiR8rzM5B0PM_12bruno_server8handlers13import_export17export_collection0s_0B9_
FN:36,_RNCNvNtNtCsiR8rzM5B0PM_12bruno_server8handlers13import_export14import_postman0B7_
FN:62,_RNCNvNtNtCsiR8rzM5B0PM_12bruno_server8handlers13import_export15import_insomnia0B7_
FN:150,_RNCNvNtNtCsiR8rzM5B0PM_12bruno_server8handlers13import_export16export_workspace0B7_
FN:93,_RNCNvNtNtCsiR8rzM5B0PM_12bruno_server8handlers13import_export17export_collection0B7_
FNDA:0,_RNCNCNvNtNtCsjij6uH57LC6_12bruno_server8handlers13import_export16export_workspace00B9_
FNDA:0,_RNCNCNvNtNtCsjij6uH57LC6_12bruno_server8handlers13import_export17export_collection00B9_
FNDA:0,_RNCNCNvNtNtCsjij6uH57LC6_12bruno_server8handlers13import_export17export_collection0s0_0B9_
FNDA:0,_RNCNCNvNtNtCsjij6uH57LC6_12bruno_server8handlers13import_export17export_collection0s_0B9_
FNDA:0,_RNCNvNtNtCsjij6uH57LC6_12bruno_server8handlers13import_export14import_postman0B7_
FNDA:0,_RNCNvNtNtCsjij6uH57LC6_12bruno_server8handlers13import_export15import_insomnia0B7_
FNDA:0,_RNCNvNtNtCsjij6uH57LC6_12bruno_server8handlers13import_export16export_workspace0B7_
FNDA:0,_RNCNvNtNtCsjij6uH57LC6_12bruno_server8handlers13import_export17export_collection0B7_
FNDA:0,_RNvNtNtCsjij6uH57LC6_12bruno_server8handlers13import_export14import_postman
FNDA:0,_RNvNtNtCsjij6uH57LC6_12bruno_server8handlers13import_export15import_insomnia
FNDA:0,_RNvNtNtCsjij6uH57LC6_12bruno_server8handlers13import_export16export_workspace
FNDA:0,_RNvNtNtCsjij6uH57LC6_12bruno_server8handlers13import_export17export_collection
FNDA:0,_RNCNCNvNtNtCsfChM64pdxnc_12bruno_server8handlers13import_export16export_workspace00B9_
FNDA:0,_RNCNCNvNtNtCsfChM64pdxnc_12bruno_server8handlers13import_export17export_collection00B9_
FNDA:0,_RNCNCNvNtNtCsfChM64pdxnc_12bruno_server8handlers13import_export17export_collection0s0_0B9_
FNDA:0,_RNCNCNvNtNtCsfChM64pdxnc_12bruno_server8handlers13import_export17export_collection0s_0B9_
FNDA:14,_RNCNvNtNtCsfChM64pdxnc_12bruno_server8handlers13import_export14import_postman0B7_
FNDA:1,_RNCNvNtNtCsfChM64pdxnc_12bruno_server8handlers13import_export15import_insomnia0B7_
FNDA:2,_RNCNvNtNtCsfChM64pdxnc_12bruno_server8handlers13import_export16export_workspace0B7_
FNDA:7,_RNCNvNtNtCsfChM64pdxnc_12bruno_server8handlers13import_export17export_collection0B7_
FNDA:14,_RNvNtNtCsfChM64pdxnc_12bruno_server8handlers13import_export14import_postman
FNDA:1,_RNvNtNtCsfChM64pdxnc_12bruno_server8handlers13import_export15import_insomnia
FNDA:2,_RNvNtNtCsfChM64pdxnc_12bruno_server8handlers13import_export16export_workspace
FNDA:7,_RNvNtNtCsfChM64pdxnc_12bruno_server8handlers13import_export17export_collection
FNDA:0,_RNvNtNtCs35y6JsrU3AJ_12bruno_server8handlers13import_export14import_postman
FNDA:0,_RNvNtNtCs35y6JsrU3AJ_12bruno_server8handlers13import_export15import_insomnia
FNDA:0,_RNvNtNtCs35y6JsrU3AJ_12bruno_server8handlers13import_export16export_workspace
FNDA:0,_RNvNtNtCs35y6JsrU3AJ_12bruno_server8handlers13import_export17export_collection
FNDA:0,_RNCNCNvNtNtCs35y6JsrU3AJ_12bruno_server8handlers13import_export16export_workspace00B9_
FNDA:0,_RNCNCNvNtNtCs35y6JsrU3AJ_12bruno_server8handlers13import_export17export_collection00B9_
FNDA:0,_RNCNCNvNtNtCs35y6JsrU3AJ_12bruno_server8handlers13import_export17export_collection0s0_0B9_
FNDA:0,_RNCNCNvNtNtCs35y6JsrU3AJ_12bruno_server8handlers13import_export17export_collection0s_0B9_
FNDA:0,_RNCNvNtNtCs35y6JsrU3AJ_12bruno_server8handlers13import_export14import_postman0B7_
FNDA:0,_RNCNvNtNtCs35y6JsrU3AJ_12bruno_server8handlers13import_export15import_insomnia0B7_
FNDA:0,_RNCNvNtNtCs35y6JsrU3AJ_12bruno_server8handlers13import_export16export_workspace0B7_
FNDA:0,_RNCNvNtNtCs35y6JsrU3AJ_12bruno_server8handlers13import_export17export_collection0B7_
FNDA:0,_RNvNtNtCsiR8rzM5B0PM_12bruno_server8handlers13import_export14import_postman
FNDA:0,_RNvNtNtCsiR8rzM5B0PM_12bruno_server8handlers13import_export15import_insomnia
FNDA:0,_RNvNtNtCsiR8rzM5B0PM_12bruno_server8handlers13import_export16export_workspace
FNDA:0,_RNvNtNtCsiR8rzM5B0PM_12bruno_server8handlers13import_export17export_collection
FNDA:0,_RNCNCNvNtNtCsiR8rzM5B0PM_12bruno_server8handlers13import_export16export_workspace00B9_
FNDA:0,_RNCNCNvNtNtCsiR8rzM5B0PM_12bruno_server8handlers13import_export17export_collection00B9_
FNDA:0,_RNCNCNvNtNtCsiR8rzM5B0PM_12bruno_server8handlers13import_export17export_collection0s0_0B9_
FNDA:0,_RNCNCNvNtNtCsiR8rzM5B0PM_12bruno_server8handlers13import_export17export_collection0s_0B9_
FNDA:0,_RNCNvNtNtCsiR8rzM5B0PM_12bruno_server8handlers13import_export14import_postman0B7_
FNDA:0,_RNCNvNtNtCsiR8rzM5B0PM_12bruno_server8handlers13import_export15import_insomnia0B7_
FNDA:0,_RNCNvNtNtCsiR8rzM5B0PM_12bruno_server8handlers13import_export16export_workspace0B7_
FNDA:0,_RNCNvNtNtCsiR8rzM5B0PM_12bruno_server8handlers13import_export17export_collection0B7_
FNF:12
FNH:8
DA:31,14
DA:32,14
DA:33,14
DA:34,14
DA:35,14
DA:36,14
DA:37,14
DA:38,14
DA:40,14
DA:42,11
DA:43,11
DA:44,11
DA:45,11
DA:46,11
DA:47,11
DA:48,11
DA:49,11
DA:50,11
DA:51,11
DA:52,11
DA:53,11
DA:54,11
DA:55,14
DA:57,1
DA:58,1
DA:59,1
DA:60,1
DA:61,1
DA:62,1
DA:63,1
DA:64,1
DA:66,1
DA:67,1
DA:68,1
DA:69,1
DA:70,1
DA:71,1
DA:72,1
DA:73,1
DA:74,1
DA:75,1
DA:76,1
DA:88,7
DA:89,7
DA:90,7
DA:91,7
DA:92,7
DA:93,7
DA:94,7
DA:95,7
DA:97,7
DA:98,7
DA:99,4
DA:100,3
DA:101,3
DA:102,3
DA:103,3
DA:104,3
DA:105,3
DA:106,3
DA:107,3
DA:109,3
DA:110,2
DA:111,2
DA:112,2
DA:113,2
DA:114,2
DA:115,2
DA:116,2
DA:117,2
DA:118,2
DA:119,2
DA:120,2
DA:121,2
DA:122,2
DA:124,1
DA:125,1
DA:126,1
DA:127,1
DA:128,1
DA:129,1
DA:130,1
DA:131,1
DA:132,1
DA:133,1
DA:134,1
DA:135,1
DA:136,1
DA:137,1
DA:138,1
DA:140,0
DA:141,0
DA:142,0
DA:144,7
DA:146,2
DA:147,2
DA:148,2
DA:149,2
DA:150,2
DA:151,2
DA:152,2
DA:153,2
DA:154,2
DA:155,2
DA:156,2
DA:157,2
DA:158,2
DA:159,2
DA:160,2
DA:161,2
BRF:0
BRH:0
LF:118
LH:111
end_of_record
SF:/Users/daniel_nguyen/Workspace/n-bruno/packages/bruno-server/src/handlers/item.rs
FN:80,_RNCNCNvNtNtCsjij6uH57LC6_12bruno_server8handlers4item14create_request00B9_
FN:81,_RNCNCNvNtNtCsjij6uH57LC6_12bruno_server8handlers4item14create_request0s0_0B9_
FN:80,_RNCNCNvNtNtCsjij6uH57LC6_12bruno_server8handlers4item14create_request0s_0B9_
FN:152,_RNCNvNtNtCsjij6uH57LC6_12bruno_server8handlers4item10clone_item0B7_
FN:99,_RNCNvNtNtCsjij6uH57LC6_12bruno_server8handlers4item10list_items0B7_
FN:130,_RNCNvNtNtCsjij6uH57LC6_12bruno_server8handlers4item11delete_item0B7_
FN:120,_RNCNvNtNtCsjij6uH57LC6_12bruno_server8handlers4item11update_item0B7_
FN:66,_RNCNvNtNtCsjij6uH57LC6_12bruno_server8handlers4item13create_folder0B7_
FN:77,_RNCNvNtNtCsjij6uH57LC6_12bruno_server8handlers4item14create_request0B7_
FN:109,_RNCNvNtNtCsjij6uH57LC6_12bruno_server8handlers4item8get_item0B7_
FN:141,_RNCNvNtNtCsjij6uH57LC6_12bruno_server8handlers4item9move_item0B7_
FN:147,_RNvNtNtCsjij6uH57LC6_12bruno_server8handlers4item10clone_item
FN:95,_RNvNtNtCsjij6uH57LC6_12bruno_server8handlers4item10list_items
FN:126,_RNvNtNtCsjij6uH57LC6_12bruno_server8handlers4item11delete_item
FN:115,_RNvNtNtCsjij6uH57LC6_12bruno_server8handlers4item11update_item
FN:61,_RNvNtNtCsjij6uH57LC6_12bruno_server8handlers4item13create_folder
FN:72,_RNvNtNtCsjij6uH57LC6_12bruno_server8handlers4item14create_request
FN:105,_RNvNtNtCsjij6uH57LC6_12bruno_server8handlers4item8get_item
FN:136,_RNvNtNtCsjij6uH57LC6_12bruno_server8handlers4item9move_item
FN:147,_RNvNtNtCsfChM64pdxnc_12bruno_server8handlers4item10clone_item
FN:95,_RNvNtNtCsfChM64pdxnc_12bruno_server8handlers4item10list_items
FN:126,_RNvNtNtCsfChM64pdxnc_12bruno_server8handlers4item11delete_item
FN:115,_RNvNtNtCsfChM64pdxnc_12bruno_server8handlers4item11update_item
FN:61,_RNvNtNtCsfChM64pdxnc_12bruno_server8handlers4item13create_folder
FN:72,_RNvNtNtCsfChM64pdxnc_12bruno_server8handlers4item14create_request
FN:105,_RNvNtNtCsfChM64pdxnc_12bruno_server8handlers4item8get_item
FN:136,_RNvNtNtCsfChM64pdxnc_12bruno_server8handlers4item9move_item
FN:80,_RNCNCNvNtNtCsfChM64pdxnc_12bruno_server8handlers4item14create_request00B9_
FN:81,_RNCNCNvNtNtCsfChM64pdxnc_12bruno_server8handlers4item14create_request0s0_0B9_
FN:80,_RNCNCNvNtNtCsfChM64pdxnc_12bruno_server8handlers4item14create_request0s_0B9_
FN:152,_RNCNvNtNtCsfChM64pdxnc_12bruno_server8handlers4item10clone_item0B7_
FN:99,_RNCNvNtNtCsfChM64pdxnc_12bruno_server8handlers4item10list_items0B7_
FN:130,_RNCNvNtNtCsfChM64pdxnc_12bruno_server8handlers4item11delete_item0B7_
FN:120,_RNCNvNtNtCsfChM64pdxnc_12bruno_server8handlers4item11update_item0B7_
FN:66,_RNCNvNtNtCsfChM64pdxnc_12bruno_server8handlers4item13create_folder0B7_
FN:77,_RNCNvNtNtCsfChM64pdxnc_12bruno_server8handlers4item14create_request0B7_
FN:109,_RNCNvNtNtCsfChM64pdxnc_12bruno_server8handlers4item8get_item0B7_
FN:141,_RNCNvNtNtCsfChM64pdxnc_12bruno_server8handlers4item9move_item0B7_
FN:80,_RNCNCNvNtNtCs35y6JsrU3AJ_12bruno_server8handlers4item14create_request00B9_
FN:81,_RNCNCNvNtNtCs35y6JsrU3AJ_12bruno_server8handlers4item14create_request0s0_0B9_
FN:80,_RNCNCNvNtNtCs35y6JsrU3AJ_12bruno_server8handlers4item14create_request0s_0B9_
FN:152,_RNCNvNtNtCs35y6JsrU3AJ_12bruno_server8handlers4item10clone_item0B7_
FN:99,_RNCNvNtNtCs35y6JsrU3AJ_12bruno_server8handlers4item10list_items0B7_
FN:130,_RNCNvNtNtCs35y6JsrU3AJ_12bruno_server8handlers4item11delete_item0B7_
FN:120,_RNCNvNtNtCs35y6JsrU3AJ_12bruno_server8handlers4item11update_item0B7_
FN:66,_RNCNvNtNtCs35y6JsrU3AJ_12bruno_server8handlers4item13create_folder0B7_
FN:77,_RNCNvNtNtCs35y6JsrU3AJ_12bruno_server8handlers4item14create_request0B7_
FN:109,_RNCNvNtNtCs35y6JsrU3AJ_12bruno_server8handlers4item8get_item0B7_
FN:141,_RNCNvNtNtCs35y6JsrU3AJ_12bruno_server8handlers4item9move_item0B7_
FN:147,_RNvNtNtCs35y6JsrU3AJ_12bruno_server8handlers4item10clone_item
FN:95,_RNvNtNtCs35y6JsrU3AJ_12bruno_server8handlers4item10list_items
FN:126,_RNvNtNtCs35y6JsrU3AJ_12bruno_server8handlers4item11delete_item
FN:115,_RNvNtNtCs35y6JsrU3AJ_12bruno_server8handlers4item11update_item
FN:61,_RNvNtNtCs35y6JsrU3AJ_12bruno_server8handlers4item13create_folder
FN:72,_RNvNtNtCs35y6JsrU3AJ_12bruno_server8handlers4item14create_request
FN:105,_RNvNtNtCs35y6JsrU3AJ_12bruno_server8handlers4item8get_item
FN:136,_RNvNtNtCs35y6JsrU3AJ_12bruno_server8handlers4item9move_item
FN:147,_RNvNtNtCsiR8rzM5B0PM_12bruno_server8handlers4item10clone_item
FN:95,_RNvNtNtCsiR8rzM5B0PM_12bruno_server8handlers4item10list_items
FN:126,_RNvNtNtCsiR8rzM5B0PM_12bruno_server8handlers4item11delete_item
FN:115,_RNvNtNtCsiR8rzM5B0PM_12bruno_server8handlers4item11update_item
FN:61,_RNvNtNtCsiR8rzM5B0PM_12bruno_server8handlers4item13create_folder
FN:72,_RNvNtNtCsiR8rzM5B0PM_12bruno_server8handlers4item14create_request
FN:105,_RNvNtNtCsiR8rzM5B0PM_12bruno_server8handlers4item8get_item
FN:136,_RNvNtNtCsiR8rzM5B0PM_12bruno_server8handlers4item9move_item
FN:80,_RNCNCNvNtNtCsiR8rzM5B0PM_12bruno_server8handlers4item14create_request00B9_
FN:81,_RNCNCNvNtNtCsiR8rzM5B0PM_12bruno_server8handlers4item14create_request0s0_0B9_
FN:80,_RNCNCNvNtNtCsiR8rzM5B0PM_12bruno_server8handlers4item14create_request0s_0B9_
FN:152,_RNCNvNtNtCsiR8rzM5B0PM_12bruno_server8handlers4item10clone_item0B7_
FN:99,_RNCNvNtNtCsiR8rzM5B0PM_12bruno_server8handlers4item10list_items0B7_
FN:130,_RNCNvNtNtCsiR8rzM5B0PM_12bruno_server8handlers4item11delete_item0B7_
FN:120,_RNCNvNtNtCsiR8rzM5B0PM_12bruno_server8handlers4item11update_item0B7_
FN:66,_RNCNvNtNtCsiR8rzM5B0PM_12bruno_server8handlers4item13create_folder0B7_
FN:77,_RNCNvNtNtCsiR8rzM5B0PM_12bruno_server8handlers4item14create_request0B7_
FN:109,_RNCNvNtNtCsiR8rzM5B0PM_12bruno_server8handlers4item8get_item0B7_
FN:141,_RNCNvNtNtCsiR8rzM5B0PM_12bruno_server8handlers4item9move_item0B7_
FNDA:0,_RNCNCNvNtNtCsjij6uH57LC6_12bruno_server8handlers4item14create_request00B9_
FNDA:0,_RNCNCNvNtNtCsjij6uH57LC6_12bruno_server8handlers4item14create_request0s0_0B9_
FNDA:0,_RNCNCNvNtNtCsjij6uH57LC6_12bruno_server8handlers4item14create_request0s_0B9_
FNDA:0,_RNCNvNtNtCsjij6uH57LC6_12bruno_server8handlers4item10clone_item0B7_
FNDA:0,_RNCNvNtNtCsjij6uH57LC6_12bruno_server8handlers4item10list_items0B7_
FNDA:0,_RNCNvNtNtCsjij6uH57LC6_12bruno_server8handlers4item11delete_item0B7_
FNDA:0,_RNCNvNtNtCsjij6uH57LC6_12bruno_server8handlers4item11update_item0B7_
FNDA:0,_RNCNvNtNtCsjij6uH57LC6_12bruno_server8handlers4item13create_folder0B7_
FNDA:0,_RNCNvNtNtCsjij6uH57LC6_12bruno_server8handlers4item14create_request0B7_
FNDA:0,_RNCNvNtNtCsjij6uH57LC6_12bruno_server8handlers4item8get_item0B7_
FNDA:0,_RNCNvNtNtCsjij6uH57LC6_12bruno_server8handlers4item9move_item0B7_
FNDA:0,_RNvNtNtCsjij6uH57LC6_12bruno_server8handlers4item10clone_item
FNDA:0,_RNvNtNtCsjij6uH57LC6_12bruno_server8handlers4item10list_items
FNDA:0,_RNvNtNtCsjij6uH57LC6_12bruno_server8handlers4item11delete_item
FNDA:0,_RNvNtNtCsjij6uH57LC6_12bruno_server8handlers4item11update_item
FNDA:0,_RNvNtNtCsjij6uH57LC6_12bruno_server8handlers4item13create_folder
FNDA:0,_RNvNtNtCsjij6uH57LC6_12bruno_server8handlers4item14create_request
FNDA:0,_RNvNtNtCsjij6uH57LC6_12bruno_server8handlers4item8get_item
FNDA:0,_RNvNtNtCsjij6uH57LC6_12bruno_server8handlers4item9move_item
FNDA:2,_RNvNtNtCsfChM64pdxnc_12bruno_server8handlers4item10clone_item
FNDA:6,_RNvNtNtCsfChM64pdxnc_12bruno_server8handlers4item10list_items
FNDA:3,_RNvNtNtCsfChM64pdxnc_12bruno_server8handlers4item11delete_item
FNDA:2,_RNvNtNtCsfChM64pdxnc_12bruno_server8handlers4item11update_item
FNDA:13,_RNvNtNtCsfChM64pdxnc_12bruno_server8handlers4item13create_folder
FNDA:40,_RNvNtNtCsfChM64pdxnc_12bruno_server8handlers4item14create_request
FNDA:8,_RNvNtNtCsfChM64pdxnc_12bruno_server8handlers4item8get_item
FNDA:3,_RNvNtNtCsfChM64pdxnc_12bruno_server8handlers4item9move_item
FNDA:33,_RNCNCNvNtNtCsfChM64pdxnc_12bruno_server8handlers4item14create_request00B9_
FNDA:33,_RNCNCNvNtNtCsfChM64pdxnc_12bruno_server8handlers4item14create_request0s0_0B9_
FNDA:7,_RNCNCNvNtNtCsfChM64pdxnc_12bruno_server8handlers4item14create_request0s_0B9_
FNDA:2,_RNCNvNtNtCsfChM64pdxnc_12bruno_server8handlers4item10clone_item0B7_
FNDA:6,_RNCNvNtNtCsfChM64pdxnc_12bruno_server8handlers4item10list_items0B7_
FNDA:3,_RNCNvNtNtCsfChM64pdxnc_12bruno_server8handlers4item11delete_item0B7_
FNDA:2,_RNCNvNtNtCsfChM64pdxnc_12bruno_server8handlers4item11update_item0B7_
FNDA:13,_RNCNvNtNtCsfChM64pdxnc_12bruno_server8handlers4item13create_folder0B7_
FNDA:40,_RNCNvNtNtCsfChM64pdxnc_12bruno_server8handlers4item14create_request0B7_
FNDA:8,_RNCNvNtNtCsfChM64pdxnc_12bruno_server8handlers4item8get_item0B7_
FNDA:3,_RNCNvNtNtCsfChM64pdxnc_12bruno_server8handlers4item9move_item0B7_
FNDA:0,_RNCNCNvNtNtCs35y6JsrU3AJ_12bruno_server8handlers4item14create_request00B9_
FNDA:0,_RNCNCNvNtNtCs35y6JsrU3AJ_12bruno_server8handlers4item14create_request0s0_0B9_
FNDA:0,_RNCNCNvNtNtCs35y6JsrU3AJ_12bruno_server8handlers4item14create_request0s_0B9_
FNDA:0,_RNCNvNtNtCs35y6JsrU3AJ_12bruno_server8handlers4item10clone_item0B7_
FNDA:0,_RNCNvNtNtCs35y6JsrU3AJ_12bruno_server8handlers4item10list_items0B7_
FNDA:0,_RNCNvNtNtCs35y6JsrU3AJ_12bruno_server8handlers4item11delete_item0B7_
FNDA:0,_RNCNvNtNtCs35y6JsrU3AJ_12bruno_server8handlers4item11update_item0B7_
FNDA:0,_RNCNvNtNtCs35y6JsrU3AJ_12bruno_server8handlers4item13create_folder0B7_
FNDA:0,_RNCNvNtNtCs35y6JsrU3AJ_12bruno_server8handlers4item14create_request0B7_
FNDA:0,_RNCNvNtNtCs35y6JsrU3AJ_12bruno_server8handlers4item8get_item0B7_
FNDA:0,_RNCNvNtNtCs35y6JsrU3AJ_12bruno_server8handlers4item9move_item0B7_
FNDA:0,_RNvNtNtCs35y6JsrU3AJ_12bruno_server8handlers4item10clone_item
FNDA:0,_RNvNtNtCs35y6JsrU3AJ_12bruno_server8handlers4item10list_items
FNDA:0,_RNvNtNtCs35y6JsrU3AJ_12bruno_server8handlers4item11delete_item
FNDA:0,_RNvNtNtCs35y6JsrU3AJ_12bruno_server8handlers4item11update_item
FNDA:0,_RNvNtNtCs35y6JsrU3AJ_12bruno_server8handlers4item13create_folder
FNDA:0,_RNvNtNtCs35y6JsrU3AJ_12bruno_server8handlers4item14create_request
FNDA:0,_RNvNtNtCs35y6JsrU3AJ_12bruno_server8handlers4item8get_item
FNDA:0,_RNvNtNtCs35y6JsrU3AJ_12bruno_server8handlers4item9move_item
FNDA:0,_RNvNtNtCsiR8rzM5B0PM_12bruno_server8handlers4item10clone_item
FNDA:0,_RNvNtNtCsiR8rzM5B0PM_12bruno_server8handlers4item10list_items
FNDA:0,_RNvNtNtCsiR8rzM5B0PM_12bruno_server8handlers4item11delete_item
FNDA:0,_RNvNtNtCsiR8rzM5B0PM_12bruno_server8handlers4item11update_item
FNDA:0,_RNvNtNtCsiR8rzM5B0PM_12bruno_server8handlers4item13create_folder
FNDA:0,_RNvNtNtCsiR8rzM5B0PM_12bruno_server8handlers4item14create_request
FNDA:0,_RNvNtNtCsiR8rzM5B0PM_12bruno_server8handlers4item8get_item
FNDA:0,_RNvNtNtCsiR8rzM5B0PM_12bruno_server8handlers4item9move_item
FNDA:0,_RNCNCNvNtNtCsiR8rzM5B0PM_12bruno_server8handlers4item14create_request00B9_
FNDA:0,_RNCNCNvNtNtCsiR8rzM5B0PM_12bruno_server8handlers4item14create_request0s0_0B9_
FNDA:0,_RNCNCNvNtNtCsiR8rzM5B0PM_12bruno_server8handlers4item14create_request0s_0B9_
[...]
FN:83,_RNCNvMNtNtCsiR8rzM5B0PM_12bruno_server8services9workspaceNtB4_16WorkspaceService6update0B8_
FN:130,_RNvMNtNtCsiR8rzM5B0PM_12bruno_server8services9workspaceNtB2_16WorkspaceService10add_member
FN:119,_RNvMNtNtCsiR8rzM5B0PM_12bruno_server8services9workspaceNtB2_16WorkspaceService12list_members
FN:66,_RNvMNtNtCsiR8rzM5B0PM_12bruno_server8services9workspaceNtB2_16WorkspaceService13get_with_role
FN:44,_RNvMNtNtCsiR8rzM5B0PM_12bruno_server8services9workspaceNtB2_16WorkspaceService13list_for_user
FN:144,_RNvMNtNtCsiR8rzM5B0PM_12bruno_server8services9workspaceNtB2_16WorkspaceService13remove_member
FN:24,_RNvMNtNtCsiR8rzM5B0PM_12bruno_server8services9workspaceNtB2_16WorkspaceService6create
FN:108,_RNvMNtNtCsiR8rzM5B0PM_12bruno_server8services9workspaceNtB2_16WorkspaceService6delete
FN:83,_RNvMNtNtCsiR8rzM5B0PM_12bruno_server8services9workspaceNtB2_16WorkspaceService6update
FNDA:0,_RNCNCNvMNtNtCsjij6uH57LC6_12bruno_server8services9workspaceNtB6_16WorkspaceService13get_with_role00Ba_
FNDA:0,_RNCNCNvMNtNtCsjij6uH57LC6_12bruno_server8services9workspaceNtB6_16WorkspaceService13get_with_role0s0_0Ba_
FNDA:0,_RNCNCNvMNtNtCsjij6uH57LC6_12bruno_server8services9workspaceNtB6_16WorkspaceService13get_with_role0s_0Ba_
FNDA:0,_RNCNvMNtNtCsjij6uH57LC6_12bruno_server8services9workspaceNtB4_16WorkspaceService10add_member0B8_
FNDA:0,_RNCNvMNtNtCsjij6uH57LC6_12bruno_server8services9workspaceNtB4_16WorkspaceService12list_members0B8_
FNDA:0,_RNCNvMNtNtCsjij6uH57LC6_12bruno_server8services9workspaceNtB4_16WorkspaceService13get_with_role0B8_
FNDA:0,_RNCNvMNtNtCsjij6uH57LC6_12bruno_server8services9workspaceNtB4_16WorkspaceService13list_for_user0B8_
FNDA:0,_RNCNvMNtNtCsjij6uH57LC6_12bruno_server8services9workspaceNtB4_16WorkspaceService13remove_member0B8_
FNDA:0,_RNCNvMNtNtCsjij6uH57LC6_12bruno_server8services9workspaceNtB4_16WorkspaceService6create0B8_
FNDA:0,_RNCNvMNtNtCsjij6uH57LC6_12bruno_server8services9workspaceNtB4_16WorkspaceService6delete0B8_
FNDA:0,_RNCNvMNtNtCsjij6uH57LC6_12bruno_server8services9workspaceNtB4_16WorkspaceService6update0B8_
FNDA:0,_RNvMNtNtCsjij6uH57LC6_12bruno_server8services9workspaceNtB2_16WorkspaceService10add_member
FNDA:0,_RNvMNtNtCsjij6uH57LC6_12bruno_server8services9workspaceNtB2_16WorkspaceService12list_members
FNDA:0,_RNvMNtNtCsjij6uH57LC6_12bruno_server8services9workspaceNtB2_16WorkspaceService13get_with_role
FNDA:0,_RNvMNtNtCsjij6uH57LC6_12bruno_server8services9workspaceNtB2_16WorkspaceService13list_for_user
FNDA:0,_RNvMNtNtCsjij6uH57LC6_12bruno_server8services9workspaceNtB2_16WorkspaceService13remove_member
FNDA:0,_RNvMNtNtCsjij6uH57LC6_12bruno_server8services9workspaceNtB2_16WorkspaceService3new
FNDA:0,_RNvMNtNtCsjij6uH57LC6_12bruno_server8services9workspaceNtB2_16WorkspaceService6create
FNDA:0,_RNvMNtNtCsjij6uH57LC6_12bruno_server8services9workspaceNtB2_16WorkspaceService6delete
FNDA:0,_RNvMNtNtCsjij6uH57LC6_12bruno_server8services9workspaceNtB2_16WorkspaceService6update
FNDA:11,_RNvMNtNtCsfChM64pdxnc_12bruno_server8services9workspaceNtB2_16WorkspaceService10add_member
FNDA:7,_RNvMNtNtCsfChM64pdxnc_12bruno_server8services9workspaceNtB2_16WorkspaceService12list_members
FNDA:302,_RNvMNtNtCsfChM64pdxnc_12bruno_server8services9workspaceNtB2_16WorkspaceService13get_with_role
FNDA:3,_RNvMNtNtCsfChM64pdxnc_12bruno_server8services9workspaceNtB2_16WorkspaceService13list_for_user
FNDA:2,_RNvMNtNtCsfChM64pdxnc_12bruno_server8services9workspaceNtB2_16WorkspaceService13remove_member
FNDA:153,_RNvMNtNtCsfChM64pdxnc_12bruno_server8services9workspaceNtB2_16WorkspaceService3new
FNDA:105,_RNvMNtNtCsfChM64pdxnc_12bruno_server8services9workspaceNtB2_16WorkspaceService6create
FNDA:3,_RNvMNtNtCsfChM64pdxnc_12bruno_server8services9workspaceNtB2_16WorkspaceService6delete
FNDA:3,_RNvMNtNtCsfChM64pdxnc_12bruno_server8services9workspaceNtB2_16WorkspaceService6update
FNDA:5,_RNCNCNvMNtNtCsfChM64pdxnc_12bruno_server8services9workspaceNtB6_16WorkspaceService13get_with_role00Ba_
FNDA:5,_RNCNCNvMNtNtCsfChM64pdxnc_12bruno_server8services9workspaceNtB6_16WorkspaceService13get_with_role0s0_0Ba_
FNDA:0,_RNCNCNvMNtNtCsfChM64pdxnc_12bruno_server8services9workspaceNtB6_16WorkspaceService13get_with_role0s_0Ba_
FNDA:11,_RNCNvMNtNtCsfChM64pdxnc_12bruno_server8services9workspaceNtB4_16WorkspaceService10add_member0B8_
FNDA:7,_RNCNvMNtNtCsfChM64pdxnc_12bruno_server8services9workspaceNtB4_16WorkspaceService12list_members0B8_
FNDA:302,_RNCNvMNtNtCsfChM64pdxnc_12bruno_server8services9workspaceNtB4_16WorkspaceService13get_with_role0B8_
FNDA:3,_RNCNvMNtNtCsfChM64pdxnc_12bruno_server8services9workspaceNtB4_16WorkspaceService13list_for_user0B8_
FNDA:2,_RNCNvMNtNtCsfChM64pdxnc_12bruno_server8services9workspaceNtB4_16WorkspaceService13remove_member0B8_
FNDA:105,_RNCNvMNtNtCsfChM64pdxnc_12bruno_server8services9workspaceNtB4_16WorkspaceService6create0B8_
FNDA:3,_RNCNvMNtNtCsfChM64pdxnc_12bruno_server8services9workspaceNtB4_16WorkspaceService6delete0B8_
FNDA:3,_RNCNvMNtNtCsfChM64pdxnc_12bruno_server8services9workspaceNtB4_16WorkspaceService6update0B8_
FNDA:0,_RNCNCNvMNtNtCs35y6JsrU3AJ_12bruno_server8services9workspaceNtB6_16WorkspaceService13get_with_role00Ba_
FNDA:0,_RNCNCNvMNtNtCs35y6JsrU3AJ_12bruno_server8services9workspaceNtB6_16WorkspaceService13get_with_role0s0_0Ba_
FNDA:0,_RNCNCNvMNtNtCs35y6JsrU3AJ_12bruno_server8services9workspaceNtB6_16WorkspaceService13get_with_role0s_0Ba_
FNDA:0,_RNCNvMNtNtCs35y6JsrU3AJ_12bruno_server8services9workspaceNtB4_16WorkspaceService10add_member0B8_
FNDA:0,_RNCNvMNtNtCs35y6JsrU3AJ_12bruno_server8services9workspaceNtB4_16WorkspaceService12list_members0B8_
FNDA:0,_RNCNvMNtNtCs35y6JsrU3AJ_12bruno_server8services9workspaceNtB4_16WorkspaceService13get_with_role0B8_
FNDA:0,_RNCNvMNtNtCs35y6JsrU3AJ_12bruno_server8services9workspaceNtB4_16WorkspaceService13list_for_user0B8_
FNDA:0,_RNCNvMNtNtCs35y6JsrU3AJ_12bruno_server8services9workspaceNtB4_16WorkspaceService13remove_member0B8_
FNDA:0,_RNCNvMNtNtCs35y6JsrU3AJ_12bruno_server8services9workspaceNtB4_16WorkspaceService6create0B8_
FNDA:0,_RNCNvMNtNtCs35y6JsrU3AJ_12bruno_server8services9workspaceNtB4_16WorkspaceService6delete0B8_
FNDA:0,_RNCNvMNtNtCs35y6JsrU3AJ_12bruno_server8services9workspaceNtB4_16WorkspaceService6update0B8_
FNDA:0,_RNvMNtNtCs35y6JsrU3AJ_12bruno_server8services9workspaceNtB2_16WorkspaceService10add_member
FNDA:0,_RNvMNtNtCs35y6JsrU3AJ_12bruno_server8services9workspaceNtB2_16WorkspaceService12list_members
FNDA:0,_RNvMNtNtCs35y6JsrU3AJ_12bruno_server8services9workspaceNtB2_16WorkspaceService13get_with_role
FNDA:0,_RNvMNtNtCs35y6JsrU3AJ_12bruno_server8services9workspaceNtB2_16WorkspaceService13list_for_user
FNDA:0,_RNvMNtNtCs35y6JsrU3AJ_12bruno_server8services9workspaceNtB2_16WorkspaceService13remove_member
FNDA:0,_RNvMNtNtCs35y6JsrU3AJ_12bruno_server8services9workspaceNtB2_16WorkspaceService3new
FNDA:0,_RNvMNtNtCs35y6JsrU3AJ_12bruno_server8services9workspaceNtB2_16WorkspaceService6create
FNDA:0,_RNvMNtNtCs35y6JsrU3AJ_12bruno_server8services9workspaceNtB2_16WorkspaceService6delete
FNDA:0,_RNvMNtNtCs35y6JsrU3AJ_12bruno_server8services9workspaceNtB2_16WorkspaceService6update
FNDA:0,_RNvMNtNtCsiR8rzM5B0PM_12bruno_server8services9workspaceNtB2_16WorkspaceService3new
FNDA:0,_RNCNCNvMNtNtCsiR8rzM5B0PM_12bruno_server8services9workspaceNtB6_16WorkspaceService13get_with_role00Ba_
FNDA:0,_RNCNCNvMNtNtCsiR8rzM5B0PM_12bruno_server8services9workspaceNtB6_16WorkspaceService13get_with_role0s0_0Ba_
FNDA:0,_RNCNCNvMNtNtCsiR8rzM5B0PM_12bruno_server8services9workspaceNtB6_16WorkspaceService13get_with_role0s_0Ba_
FNDA:0,_RNCNvMNtNtCsiR8rzM5B0PM_12bruno_server8services9workspaceNtB4_16WorkspaceService10add_member0B8_
FNDA:0,_RNCNvMNtNtCsiR8rzM5B0PM_12bruno_server8services9workspaceNtB4_16WorkspaceService12list_members0B8_
FNDA:0,_RNCNvMNtNtCsiR8rzM5B0PM_12bruno_server8services9workspaceNtB4_16WorkspaceService13get_with_role0B8_
FNDA:0,_RNCNvMNtNtCsiR8rzM5B0PM_12bruno_server8services9workspaceNtB4_16WorkspaceService13list_for_user0B8_
FNDA:0,_RNCNvMNtNtCsiR8rzM5B0PM_12bruno_server8services9workspaceNtB4_16WorkspaceService13remove_member0B8_
FNDA:0,_RNCNvMNtNtCsiR8rzM5B0PM_12bruno_server8services9workspaceNtB4_16WorkspaceService6create0B8_
FNDA:0,_RNCNvMNtNtCsiR8rzM5B0PM_12bruno_server8services9workspaceNtB4_16WorkspaceService6delete0B8_
FNDA:0,_RNCNvMNtNtCsiR8rzM5B0PM_12bruno_server8services9workspaceNtB4_16WorkspaceService6update0B8_
FNDA:0,_RNvMNtNtCsiR8rzM5B0PM_12bruno_server8services9workspaceNtB2_16WorkspaceService10add_member
FNDA:0,_RNvMNtNtCsiR8rzM5B0PM_12bruno_server8services9workspaceNtB2_16WorkspaceService12list_members
FNDA:0,_RNvMNtNtCsiR8rzM5B0PM_12bruno_server8services9workspaceNtB2_16WorkspaceService13get_with_role
FNDA:0,_RNvMNtNtCsiR8rzM5B0PM_12bruno_server8services9workspaceNtB2_16WorkspaceService13list_for_user
FNDA:0,_RNvMNtNtCsiR8rzM5B0PM_12bruno_server8services9workspaceNtB2_16WorkspaceService13remove_member
FNDA:0,_RNvMNtNtCsiR8rzM5B0PM_12bruno_server8services9workspaceNtB2_16WorkspaceService6create
FNDA:0,_RNvMNtNtCsiR8rzM5B0PM_12bruno_server8services9workspaceNtB2_16WorkspaceService6delete
FNDA:0,_RNvMNtNtCsiR8rzM5B0PM_12bruno_server8services9workspaceNtB2_16WorkspaceService6update
FNF:20
FNH:19
DA:17,153
DA:18,153
DA:19,153
DA:20,153
DA:21,153
DA:22,153
DA:24,105
DA:25,105
DA:26,105
DA:27,105
DA:28,105
DA:30,105
DA:31,105
DA:33,105
DA:34,105
DA:35,105
DA:36,105
DA:37,105
DA:38,105
DA:39,105
DA:40,105
DA:41,105
DA:42,105
DA:44,3
DA:46,3
DA:48,3
DA:49,5
DA:50,2
DA:51,2
DA:52,2
DA:53,2
DA:54,2
DA:55,2
DA:56,2
DA:57,2
DA:58,2
DA:59,2
DA:60,2
DA:62,3
DA:63,3
DA:66,302
DA:67,302
DA:68,302
DA:69,302
DA:70,302
DA:71,302
DA:73,297
DA:74,297
DA:75,297
DA:76,297
DA:77,297
DA:78,297
DA:80,292
DA:81,302
DA:83,3
DA:84,3
DA:85,3
DA:86,1
DA:87,2
DA:89,2
DA:90,2
DA:91,2
DA:92,2
DA:93,2
DA:95,2
DA:97,2
DA:98,2
DA:99,2
DA:100,2
DA:101,2
DA:102,2
DA:103,2
DA:104,2
DA:105,2
DA:106,3
DA:108,3
DA:109,3
DA:110,3
DA:111,1
DA:112,2
DA:113,2
DA:114,2
DA:115,2
DA:116,2
DA:117,3
DA:119,7
DA:120,7
DA:121,6
DA:124,6
DA:125,6
DA:126,14
DA:127,6
DA:128,7
DA:130,11
DA:131,11
DA:132,11
DA:133,0
DA:134,11
DA:135,11
DA:136,11
DA:137,1
DA:138,10
DA:139,10
DA:140,10
DA:141,10
DA:142,11
DA:144,2
DA:145,2
DA:146,2
DA:147,0
DA:148,2
DA:149,2
DA:150,0
DA:151,2
DA:152,2
DA:153,2
DA:154,2
DA:155,2
BRF:0
BRH:0
LF:129
LH:125
end_of_record
SF:/Users/daniel_nguyen/Workspace/n-bruno/packages/bruno-server/src/ws/mod.rs
FN:76,_RNvXs_NtCsjij6uH57LC6_12bruno_server2wsNtB4_9WsManagerNtNtCsezyhsC6CBT9_4core7default7Default7default
FN:53,_RNvMNtCsjij6uH57LC6_12bruno_server2wsNtB2_9WsManager21get_or_create_channel
FN:46,_RNvMNtCsjij6uH57LC6_12bruno_server2wsNtB2_9WsManager3new
FN:65,_RNvMNtCsjij6uH57LC6_12bruno_server2wsNtB2_9WsManager9broadcast
FN:70,_RNvMNtCsjij6uH57LC6_12bruno_server2wsNtB2_9WsManager9subscribe
FN:106,_RNvNtCsjij6uH57LC6_12bruno_server2ws10ws_handler
FN:127,_RNvNtCsjij6uH57LC6_12bruno_server2ws13handle_socket
FN:117,_RNCNCNCNvNtCsjij6uH57LC6_12bruno_server2ws10ws_handler0s_00B9_
FN:113,_RNCNCNvNtCsjij6uH57LC6_12bruno_server2ws10ws_handler00B7_
FN:122,_RNCNCNvNtCsjij6uH57LC6_12bruno_server2ws10ws_handler0s_0B7_
FN:143,_RNCNCNvNtCsjij6uH57LC6_12bruno_server2ws13handle_socket00B7_
FN:176,_RNCNCNvNtCsjij6uH57LC6_12bruno_server2ws13handle_socket0s_0B7_
FN:58,_RNCNvMNtCsjij6uH57LC6_12bruno_server2wsNtB4_9WsManager21get_or_create_channel0B6_
FN:110,_RNCNvNtCsjij6uH57LC6_12bruno_server2ws10ws_handler0B5_
FN:127,_RNCNvNtCsjij6uH57LC6_12bruno_server2ws13handle_socket0B5_
FN:53,_RNvMNtCsfChM64pdxnc_12bruno_server2wsNtB2_9WsManager21get_or_create_channel
FN:46,_RNvMNtCsfChM64pdxnc_12bruno_server2wsNtB2_9WsManager3new
FN:65,_RNvMNtCsfChM64pdxnc_12bruno_server2wsNtB2_9WsManager9broadcast
FN:70,_RNvMNtCsfChM64pdxnc_12bruno_server2wsNtB2_9WsManager9subscribe
FN:106,_RNvNtCsfChM64pdxnc_12bruno_server2ws10ws_handler
FN:127,_RNvNtCsfChM64pdxnc_12bruno_server2ws13handle_socket
FN:76,_RNvXs_NtCsfChM64pdxnc_12bruno_server2wsNtB4_9WsManagerNtNtCsezyhsC6CBT9_4core7default7Default7default
FN:117,_RNCNCNCNvNtCsfChM64pdxnc_12bruno_server2ws10ws_handler0s_00B9_
FN:113,_RNCNCNvNtCsfChM64pdxnc_12bruno_server2ws10ws_handler00B7_
FN:122,_RNCNCNvNtCsfChM64pdxnc_12bruno_server2ws10ws_handler0s_0B7_
FN:143,_RNCNCNvNtCsfChM64pdxnc_12bruno_server2ws13handle_socket00B7_
FN:176,_RNCNCNvNtCsfChM64pdxnc_12bruno_server2ws13handle_socket0s_0B7_
FN:58,_RNCNvMNtCsfChM64pdxnc_12bruno_server2wsNtB4_9WsManager21get_or_create_channel0B6_
FN:110,_RNCNvNtCsfChM64pdxnc_12bruno_server2ws10ws_handler0B5_
FN:127,_RNCNvNtCsfChM64pdxnc_12bruno_server2ws13handle_socket0B5_
FN:76,_RNvXs_NtCs35y6JsrU3AJ_12bruno_server2wsNtB4_9WsManagerNtNtCsezyhsC6CBT9_4core7default7Default7default
FN:117,_RNCNCNCNvNtCs35y6JsrU3AJ_12bruno_server2ws10ws_handler0s_00B9_
FN:113,_RNCNCNvNtCs35y6JsrU3AJ_12bruno_server2ws10ws_handler00B7_
FN:122,_RNCNCNvNtCs35y6JsrU3AJ_12bruno_server2ws10ws_handler0s_0B7_
FN:143,_RNCNCNvNtCs35y6JsrU3AJ_12bruno_server2ws13handle_socket00B7_
FN:176,_RNCNCNvNtCs35y6JsrU3AJ_12bruno_server2ws13handle_socket0s_0B7_
FN:58,_RNCNvMNtCs35y6JsrU3AJ_12bruno_server2wsNtB4_9WsManager21get_or_create_channel0B6_
FN:110,_RNCNvNtCs35y6JsrU3AJ_12bruno_server2ws10ws_handler0B5_
FN:127,_RNCNvNtCs35y6JsrU3AJ_12bruno_server2ws13handle_socket0B5_
FN:53,_RNvMNtCs35y6JsrU3AJ_12bruno_server2wsNtB2_9WsManager21get_or_create_channel
FN:46,_RNvMNtCs35y6JsrU3AJ_12bruno_server2wsNtB2_9WsManager3new
FN:65,_RNvMNtCs35y6JsrU3AJ_12bruno_server2wsNtB2_9WsManager9broadcast
FN:70,_RNvMNtCs35y6JsrU3AJ_12bruno_server2wsNtB2_9WsManager9subscribe
FN:106,_RNvNtCs35y6JsrU3AJ_12bruno_server2ws10ws_handler
FN:127,_RNvNtCs35y6JsrU3AJ_12bruno_server2ws13handle_socket
FN:46,_RNvMNtCsiR8rzM5B0PM_12bruno_server2wsNtB2_9WsManager3new
FN:106,_RNvNtCsiR8rzM5B0PM_12bruno_server2ws10ws_handler
FN:76,_RNvXs_NtCsiR8rzM5B0PM_12bruno_server2wsNtB4_9WsManagerNtNtCsezyhsC6CBT9_4core7default7Default7default
FN:53,_RNvMNtCsiR8rzM5B0PM_12bruno_server2wsNtB2_9WsManager21get_or_create_channel
FN:65,_RNvMNtCsiR8rzM5B0PM_12bruno_server2wsNtB2_9WsManager9broadcast
FN:70,_RNvMNtCsiR8rzM5B0PM_12bruno_server2wsNtB2_9WsManager9subscribe
FN:127,_RNvNtCsiR8rzM5B0PM_12bruno_server2ws13handle_socket
FN:117,_RNCNCNCNvNtCsiR8rzM5B0PM_12bruno_server2ws10ws_handler0s_00B9_
FN:113,_RNCNCNvNtCsiR8rzM5B0PM_12bruno_server2ws10ws_handler00B7_
FN:122,_RNCNCNvNtCsiR8rzM5B0PM_12bruno_server2ws10ws_handler0s_0B7_
FN:143,_RNCNCNvNtCsiR8rzM5B0PM_12bruno_server2ws13handle_socket00B7_
FN:176,_RNCNCNvNtCsiR8rzM5B0PM_12bruno_server2ws13handle_socket0s_0B7_
FN:58,_RNCNvMNtCsiR8rzM5B0PM_12bruno_server2wsNtB4_9WsManager21get_or_create_channel0B6_
FN:110,_RNCNvNtCsiR8rzM5B0PM_12bruno_server2ws10ws_handler0B5_
FN:127,_RNCNvNtCsiR8rzM5B0PM_12bruno_server2ws13handle_socket0B5_
FNDA:0,_RNvXs_NtCsjij6uH57LC6_12bruno_server2wsNtB4_9WsManagerNtNtCsezyhsC6CBT9_4core7default7Default7default
FNDA:0,_RNvMNtCsjij6uH57LC6_12bruno_server2wsNtB2_9WsManager21get_or_create_channel
FNDA:0,_RNvMNtCsjij6uH57LC6_12bruno_server2wsNtB2_9WsManager3new
FNDA:0,_RNvMNtCsjij6uH57LC6_12bruno_server2wsNtB2_9WsManager9broadcast
FNDA:0,_RNvMNtCsjij6uH57LC6_12bruno_server2wsNtB2_9WsManager9subscribe
FNDA:0,_RNvNtCsjij6uH57LC6_12bruno_server2ws10ws_handler
FNDA:0,_RNvNtCsjij6uH57LC6_12bruno_server2ws13handle_socket
FNDA:0,_RNCNCNCNvNtCsjij6uH57LC6_12bruno_server2ws10ws_handler0s_00B9_
FNDA:0,_RNCNCNvNtCsjij6uH57LC6_12bruno_server2ws10ws_handler00B7_
FNDA:0,_RNCNCNvNtCsjij6uH57LC6_12bruno_server2ws10ws_handler0s_0B7_
FNDA:0,_RNCNCNvNtCsjij6uH57LC6_12bruno_server2ws13handle_socket00B7_
FNDA:0,_RNCNCNvNtCsjij6uH57LC6_12bruno_server2ws13handle_socket0s_0B7_
FNDA:0,_RNCNvMNtCsjij6uH57LC6_12bruno_server2wsNtB4_9WsManager21get_or_create_channel0B6_
FNDA:0,_RNCNvNtCsjij6uH57LC6_12bruno_server2ws10ws_handler0B5_
FNDA:0,_RNCNvNtCsjij6uH57LC6_12bruno_server2ws13handle_socket0B5_
FNDA:175,_RNvMNtCsfChM64pdxnc_12bruno_server2wsNtB2_9WsManager21get_or_create_channel
FNDA:153,_RNvMNtCsfChM64pdxnc_12bruno_server2wsNtB2_9WsManager3new
FNDA:173,_RNvMNtCsfChM64pdxnc_12bruno_server2wsNtB2_9WsManager9broadcast
FNDA:2,_RNvMNtCsfChM64pdxnc_12bruno_server2wsNtB2_9WsManager9subscribe
FNDA:4,_RNvNtCsfChM64pdxnc_12bruno_server2ws10ws_handler
FNDA:3,_RNvNtCsfChM64pdxnc_12bruno_server2ws13handle_socket
FNDA:0,_RNvXs_NtCsfChM64pdxnc_12bruno_server2wsNtB4_9WsManagerNtNtCsezyhsC6CBT9_4core7default7Default7default
FNDA:1,_RNCNCNCNvNtCsfChM64pdxnc_12bruno_server2ws10ws_handler0s_00B9_
FNDA:3,_RNCNCNvNtCsfChM64pdxnc_12bruno_server2ws10ws_handler00B7_
FNDA:1,_RNCNCNvNtCsfChM64pdxnc_12bruno_server2ws10ws_handler0s_0B7_
FNDA:3,_RNCNCNvNtCsfChM64pdxnc_12bruno_server2ws13handle_socket00B7_
FNDA:1,_RNCNCNvNtCsfChM64pdxnc_12bruno_server2ws13handle_socket0s_0B7_
FNDA:70,_RNCNvMNtCsfChM64pdxnc_12bruno_server2wsNtB4_9WsManager21get_or_create_channel0B6_
FNDA:4,_RNCNvNtCsfChM64pdxnc_12bruno_server2ws10ws_handler0B5_
FNDA:3,_RNCNvNtCsfChM64pdxnc_12bruno_server2ws13handle_socket0B5_
FNDA:0,_RNvXs_NtCs35y6JsrU3AJ_12bruno_server2wsNtB4_9WsManagerNtNtCsezyhsC6CBT9_4core7default7Default7default
FNDA:0,_RNCNCNCNvNtCs35y6JsrU3AJ_12bruno_server2ws10ws_handler0s_00B9_
FNDA:0,_RNCNCNvNtCs35y6JsrU3AJ_12bruno_server2ws10ws_handler00B7_
FNDA:0,_RNCNCNvNtCs35y6JsrU3AJ_12bruno_server2ws10ws_handler0s_0B7_
FNDA:0,_RNCNCNvNtCs35y6JsrU3AJ_12bruno_server2ws13handle_socket00B7_
FNDA:0,_RNCNCNvNtCs35y6JsrU3AJ_12bruno_server2ws13handle_socket0s_0B7_
FNDA:0,_RNCNvMNtCs35y6JsrU3AJ_12bruno_server2wsNtB4_9WsManager21get_or_create_channel0B6_
FNDA:0,_RNCNvNtCs35y6JsrU3AJ_12bruno_server2ws10ws_handler0B5_
FNDA:0,_RNCNvNtCs35y6JsrU3AJ_12bruno_server2ws13handle_socket0B5_
FNDA:0,_RNvMNtCs35y6JsrU3AJ_12bruno_server2wsNtB2_9WsManager21get_or_create_channel
FNDA:0,_RNvMNtCs35y6JsrU3AJ_12bruno_server2wsNtB2_9WsManager3new
FNDA:0,_RNvMNtCs35y6JsrU3AJ_12bruno_server2wsNtB2_9WsManager9broadcast
FNDA:0,_RNvMNtCs35y6JsrU3AJ_12bruno_server2wsNtB2_9WsManager9subscribe
FNDA:0,_RNvNtCs35y6JsrU3AJ_12bruno_server2ws10ws_handler
FNDA:0,_RNvNtCs35y6JsrU3AJ_12bruno_server2ws13handle_socket
FNDA:0,_RNvMNtCsiR8rzM5B0PM_12bruno_server2wsNtB2_9WsManager3new
FNDA:0,_RNvNtCsiR8rzM5B0PM_12bruno_server2ws10ws_handler
FNDA:0,_RNvXs_NtCsiR8rzM5B0PM_12bruno_server2wsNtB4_9WsManagerNtNtCsezyhsC6CBT9_4core7default7Default7default
FNDA:0,_RNvMNtCsiR8rzM5B0PM_12bruno_server2wsNtB2_9WsManager21get_or_create_channel
FNDA:0,_RNvMNtCsiR8rzM5B0PM_12bruno_server2wsNtB2_9WsManager9broadcast
FNDA:0,_RNvMNtCsiR8rzM5B0PM_12bruno_server2wsNtB2_9WsManager9subscribe
FNDA:0,_RNvNtCsiR8rzM5B0PM_12bruno_server2ws13handle_socket
FNDA:0,_RNCNCNCNvNtCsiR8rzM5B0PM_12bruno_server2ws10ws_handler0s_00B9_
FNDA:0,_RNCNCNvNtCsiR8rzM5B0PM_12bruno_server2ws10ws_handler00B7_
FNDA:0,_RNCNCNvNtCsiR8rzM5B0PM_12bruno_server2ws10ws_handler0s_0B7_
FNDA:0,_RNCNCNvNtCsiR8rzM5B0PM_12bruno_server2ws13handle_socket00B7_
FNDA:0,_RNCNCNvNtCsiR8rzM5B0PM_12bruno_server2ws13handle_socket0s_0B7_
FNDA:0,_RNCNvMNtCsiR8rzM5B0PM_12bruno_server2wsNtB4_9WsManager21get_or_create_channel0B6_
FNDA:0,_RNCNvNtCsiR8rzM5B0PM_12bruno_server2ws10ws_handler0B5_
FNDA:0,_RNCNvNtCsiR8rzM5B0PM_12bruno_server2ws13handle_socket0B5_
FNF:15
FNH:14
DA:46,153
DA:47,153
DA:48,153
DA:49,153
DA:50,153
DA:53,175
DA:54,175
DA:55,175
DA:56,175
DA:57,175
DA:58,70
DA:59,70
DA:61,175
DA:62,175
DA:65,173
DA:66,173
DA:67,173
DA:68,173
DA:70,2
DA:71,2
DA:72,2
DA:76,0
DA:77,0
DA:78,0
DA:106,4
DA:107,4
DA:108,4
DA:109,4
DA:110,4
DA:112,4
DA:113,3
DA:114,1
DA:115,1
DA:117,1
DA:118,1
DA:119,1
DA:120,1
DA:121,1
DA:122,2
DA:125,4
DA:127,3
DA:128,3
DA:131,3
DA:132,3
DA:134,3
DA:135,3
DA:136,3
DA:140,3
DA:143,3
DA:144,6
DA:145,3
DA:146,0
DA:147,3
DA:149,0
DA:152,8
DA:153,5
DA:154,5
DA:155,5
DA:156,2
DA:158,2
DA:159,2
DA:160,0
DA:163,2
DA:164,0
DA:165,0
DA:166,0
DA:167,0
DA:168,2
DA:171,2
DA:172,2
DA:173,2
DA:174,2
DA:176,2
DA:177,2
DA:179,1
DA:180,1
DA:181,1
DA:182,1
DA:183,1
DA:184,1
DA:185,0
DA:186,1
DA:188,0
DA:190,2
DA:192,1
DA:193,1
DA:194,1
DA:195,1
DA:198,2
DA:200,0
DA:201,0
DA:205,0
DA:206,0
DA:207,0
DA:208,0
DA:209,0
DA:214,0
DA:215,0
DA:216,0
DA:217,0
DA:218,0
DA:219,0
DA:220,0
BRF:0
BRH:0
LF:110
LH:84
end_of_record